#
# There is insufficient memory for the Java Runtime Environment to continue.
# Native memory allocation (malloc) failed to allocate 1048576 bytes for AllocateHeap
# Possible reasons:
#   The system is out of physical RAM or swap space
#   The process is running with CompressedOops enabled, and the Java Heap may be blocking the growth of the native heap
# Possible solutions:
#   Reduce memory load on the system
#   Increase physical memory or swap space
#   Check if swap backing store is full
#   Decrease Java heap size (-Xmx/-Xms)
#   Decrease number of Java threads
#   Decrease Java thread stack sizes (-Xss)
#   Set larger code cache with -XX:ReservedCodeCacheSize=
#   JVM is running with Unscaled Compressed Oops mode in which the Java heap is
#     placed in the first 4GB address space. The Java Heap base address is the
#     maximum limit for the native heap growth. Please use -XX:HeapBaseMinAddress
#     to set the Java Heap base and to place the Java Heap above 4GB virtual address.
# This output file may be truncated or incomplete.
#
#  Out of Memory Error (allocation.cpp:44), pid=10928, tid=16804
#
# JRE version:  (17.0.9+7) (build )
# Java VM: OpenJDK 64-Bit Server VM (17.0.9+7-b1087.9, mixed mode, sharing, tiered, compressed oops, compressed class ptrs, g1 gc, windows-amd64)
# No core dump will be written. Minidumps are not enabled by default on client versions of Windows
#

---------------  S U M M A R Y ------------

Command Line: git4idea.http.GitAskPassApp Username for 'https://github.com': 

Host: AMD Ryzen 7 5800H with Radeon Graphics         , 16 cores, 5G,  Windows 10 , 64 bit Build 19041 (10.0.19041.3636)
Time: Sat Apr  6 01:28:24 2024 RTZ 2 (s 10 , 64 bit Build 19041 (10.0.19041.3636) elapsed time: 0.027874 seconds (0d 0h 0m 0s)

---------------  T H R E A D  ---------------

Current thread (0x000001eca07512f0):  JavaThread "Unknown thread" [_thread_in_vm, id=16804, stack(0x0000000ba3d00000,0x0000000ba3e00000)]

Stack: [0x0000000ba3d00000,0x0000000ba3e00000]
Native frames: (J=compiled Java code, j=interpreted, Vv=VM code, C=native code)
V  [jvm.dll+0x688349]
V  [jvm.dll+0x841bfa]
V  [jvm.dll+0x84383e]
V  [jvm.dll+0x843ea3]
V  [jvm.dll+0x24bdef]
V  [jvm.dll+0xa6b5b]
V  [jvm.dll+0x2ebc77]
V  [jvm.dll+0x2e390b]
V  [jvm.dll+0x812771]
V  [jvm.dll+0x371d41]
V  [jvm.dll+0x7f12bc]
V  [jvm.dll+0x3f59cf]
V  [jvm.dll+0x3f7601]
C  [jli.dll+0x528f]
C  [ucrtbase.dll+0x21bb2]
C  [KERNEL32.DLL+0x17344]
C  [ntdll.dll+0x526b1]


---------------  P R O C E S S  ---------------

Threads class SMR info:
_java_thread_list=0x00007ffc5b90df18, length=0, elements={
}

Java Threads: ( => current thread )

Other Threads:
  0x000001eca079c790 GCTaskThread "GC Thread#0" [stack: 0x0000000ba3e00000,0x0000000ba3f00000] [id=8132]

[error occurred during error reporting (printing all threads), id 0xc0000005, EXCEPTION_ACCESS_VIOLATION (0xc0000005) at pc=0x00007ffc5b0c0bc0]

VM state: not at safepoint (not fully initialized)

VM Mutex/Monitor currently owned by a thread:  ([mutex/lock_event])
[0x000001eca074c7f0] Heap_lock - owner thread: 0x000001eca07512f0

Heap address: 0x00000000a2400000, size: 1500 MB, Compressed Oops mode: 32-bit

CDS archive(s) mapped at: [0x0000000000000000-0x0000000000000000-0x0000000000000000), size 0, SharedBaseAddress: 0x0000000800000000, ArchiveRelocationMode: 1.
Narrow klass base: 0x0000000000000000, Narrow klass shift: 0, Narrow klass range: 0x0

GC Precious Log:
<Empty>

Heap:
 garbage-first heap   total 0K, used 0K [0x00000000a2400000, 0x0000000100000000)
  region size 1024K, 0 young (0K), 0 survivors (0K)
 Metaspace       used 0K, committed 0K, reserved 0K
  class space    used 0K, committed 0K, reserved 0K

Heap Regions: E=young(eden), S=young(survivor), O=old, HS=humongous(starts), HC=humongous(continues), CS=collection set, F=free, OA=open archive, CA=closed archive, TAMS=top-at-mark-start (previous, next)

Card table byte_map: [0x000001ecb3a40000,0x000001ecb3d30000] _byte_map_base: 0x000001ecb352e000

GC Heap History (0 events):
No events

Dll operation events (1 events):
Event: 0.019 Loaded shared library D:\Program Files\IntelliJ IDEA 2023.3.2\jbr\bin\java.dll

Deoptimization events (0 events):
No events

Classes unloaded (0 events):
No events

Classes redefined (0 events):
No events

Internal exceptions (0 events):
No events

VM Operations (0 events):
No events

Events (0 events):
No events


Dynamic libraries:
0x00007ff6a3d10000 - 0x00007ff6a3d1a000 	D:\Program Files\IntelliJ IDEA 2023.3.2\jbr\bin\java.exe
0x00007ffc9e610000 - 0x00007ffc9e808000 	C:\Windows\SYSTEM32\ntdll.dll
0x00007ffc9cf40000 - 0x00007ffc9cffd000 	C:\Windows\System32\KERNEL32.DLL
0x00007ffc9c190000 - 0x00007ffc9c486000 	C:\Windows\System32\KERNELBASE.dll
0x00007ffc9c540000 - 0x00007ffc9c640000 	C:\Windows\System32\ucrtbase.dll
0x00007ffc95e20000 - 0x00007ffc95e37000 	D:\Program Files\IntelliJ IDEA 2023.3.2\jbr\bin\jli.dll
0x00007ffc6d640000 - 0x00007ffc6d65b000 	D:\Program Files\IntelliJ IDEA 2023.3.2\jbr\bin\VCRUNTIME140.dll
0x00007ffc9d490000 - 0x00007ffc9d62e000 	C:\Windows\System32\USER32.dll
0x00007ffc9bde0000 - 0x00007ffc9be02000 	C:\Windows\System32\win32u.dll
0x00007ffc7e080000 - 0x00007ffc7e31a000 	C:\Windows\WinSxS\amd64_microsoft.windows.common-controls_6595b64144ccf1df_6.0.19041.3636_none_60b6a03d71f818d5\COMCTL32.dll
0x00007ffc9d0b0000 - 0x00007ffc9d0db000 	C:\Windows\System32\GDI32.dll
0x00007ffc9d0e0000 - 0x00007ffc9d17e000 	C:\Windows\System32\msvcrt.dll
0x00007ffc9bcc0000 - 0x00007ffc9bdd7000 	C:\Windows\System32\gdi32full.dll
0x00007ffc9c0f0000 - 0x00007ffc9c18d000 	C:\Windows\System32\msvcp_win.dll
0x00007ffc9d070000 - 0x00007ffc9d0a2000 	C:\Windows\System32\IMM32.DLL
0x00007ffc806c0000 - 0x00007ffc806cc000 	D:\Program Files\IntelliJ IDEA 2023.3.2\jbr\bin\vcruntime140_1.dll
0x00007ffc66290000 - 0x00007ffc6631d000 	D:\Program Files\IntelliJ IDEA 2023.3.2\jbr\bin\msvcp140.dll
0x00007ffc5add0000 - 0x00007ffc5ba52000 	D:\Program Files\IntelliJ IDEA 2023.3.2\jbr\bin\server\jvm.dll
0x00007ffc9cdb0000 - 0x00007ffc9ce60000 	C:\Windows\System32\ADVAPI32.dll
0x00007ffc9dfd0000 - 0x00007ffc9e070000 	C:\Windows\System32\sechost.dll
0x00007ffc9d340000 - 0x00007ffc9d465000 	C:\Windows\System32\RPCRT4.dll
0x00007ffc9be10000 - 0x00007ffc9be37000 	C:\Windows\System32\bcrypt.dll
0x00007ffc9bb20000 - 0x00007ffc9bb6b000 	C:\Windows\SYSTEM32\POWRPROF.dll
0x00007ffc8d2e0000 - 0x00007ffc8d2e9000 	C:\Windows\SYSTEM32\WSOCK32.dll
0x00007ffc9db40000 - 0x00007ffc9dbab000 	C:\Windows\System32\WS2_32.dll
0x00007ffc92dc0000 - 0x00007ffc92dca000 	C:\Windows\SYSTEM32\VERSION.dll
0x00007ffc8ad50000 - 0x00007ffc8ad77000 	C:\Windows\SYSTEM32\WINMM.dll
0x00007ffc9bb00000 - 0x00007ffc9bb12000 	C:\Windows\SYSTEM32\UMPDC.dll
0x00007ffc99b30000 - 0x00007ffc99b42000 	C:\Windows\SYSTEM32\kernel.appcore.dll
0x00007ffc96ca0000 - 0x00007ffc96caa000 	D:\Program Files\IntelliJ IDEA 2023.3.2\jbr\bin\jimage.dll
0x00007ffc8fb60000 - 0x00007ffc8fd44000 	C:\Windows\SYSTEM32\DBGHELP.DLL
0x00007ffc8f8f0000 - 0x00007ffc8f924000 	C:\Windows\SYSTEM32\dbgcore.DLL
0x00007ffc9bfa0000 - 0x00007ffc9c022000 	C:\Windows\System32\bcryptPrimitives.dll
0x00007ffc7b910000 - 0x00007ffc7b935000 	D:\Program Files\IntelliJ IDEA 2023.3.2\jbr\bin\java.dll

dbghelp: loaded successfully - version: 4.0.5 - missing functions: none
symbol engine: initialized successfully - sym options: 0x614 - pdb path: .;D:\Program Files\IntelliJ IDEA 2023.3.2\jbr\bin;C:\Windows\SYSTEM32;C:\Windows\WinSxS\amd64_microsoft.windows.common-controls_6595b64144ccf1df_6.0.19041.3636_none_60b6a03d71f818d5;D:\Program Files\IntelliJ IDEA 2023.3.2\jbr\bin\server

VM Arguments:
java_command: git4idea.http.GitAskPassApp Username for 'https://github.com': 
java_class_path (initial): D:/Program Files/IntelliJ IDEA 2023.3.2/plugins/vcs-git/lib/git4idea-rt.jar;D:/Program Files/IntelliJ IDEA 2023.3.2/lib/externalProcess-rt.jar
Launcher Type: SUN_STANDARD

[Global flags]
     intx CICompilerCount                          = 12                                        {product} {ergonomic}
     uint ConcGCThreads                            = 3                                         {product} {ergonomic}
     uint G1ConcRefinementThreads                  = 13                                        {product} {ergonomic}
   size_t G1HeapRegionSize                         = 1048576                                   {product} {ergonomic}
    uintx GCDrainStackTargetSize                   = 64                                        {product} {ergonomic}
   size_t InitialHeapSize                          = 98566144                                  {product} {ergonomic}
   size_t MarkStackSize                            = 4194304                                   {product} {ergonomic}
   size_t MaxHeapSize                              = 1572864000                                {product} {ergonomic}
   size_t MinHeapDeltaBytes                        = 1048576                                   {product} {ergonomic}
   size_t MinHeapSize                              = 8388608                                   {product} {ergonomic}
    uintx NonNMethodCodeHeapSize                   = 7602480                                {pd product} {ergonomic}
    uintx NonProfiledCodeHeapSize                  = 122027880                              {pd product} {ergonomic}
    uintx ProfiledCodeHeapSize                     = 122027880                              {pd product} {ergonomic}
    uintx ReservedCodeCacheSize                    = 251658240                              {pd product} {ergonomic}
     bool SegmentedCodeCache                       = true                                      {product} {ergonomic}
   size_t SoftMaxHeapSize                          = 1572864000                             {manageable} {ergonomic}
     bool UseCompressedClassPointers               = true                           {product lp64_product} {ergonomic}
     bool UseCompressedOops                        = true                           {product lp64_product} {ergonomic}
     bool UseG1GC                                  = true                                      {product} {ergonomic}
     bool UseLargePagesIndividualAllocation        = false                                  {pd product} {ergonomic}

Logging:
Log output configuration:
 #0: stdout all=warning uptime,level,tags
 #1: stderr all=off uptime,level,tags

Environment Variables:
JAVA_HOME=C:\ProgramFiles\Java\jdk-20
PATH=C:\Program Files\Git\mingw64\libexec\git-core;C:\Program Files\Git\mingw64\libexec\git-core;C:\Program Files\Git\mingw64\bin;C:\Program Files\Git\usr\bin;C:\Users\Maxim\bin;C:\Program Files (x86)\Common Files\Oracle\Java\javapath;C:\Program Files (x86)\NVIDIA Corporation\PhysX\Common;C:\Windows\system32;C:\Windows;C:\Windows\System32\Wbem;C:\Windows\System32\WindowsPowerShell\v1.0;C:\Windows\System32\OpenSSH;C:\Program Files\dotnet;C:\Program Files\Git\cmd;C:\Program Files\Docker\Docker\resources\bin;C:\Users\Maxim\AppData\Local\Programs\Python\Python36-32\Scripts;C:\Users\Maxim\AppData\Local\Programs\Python\Python36-32;C:\Users\Maxim\AppData\Local\Microsoft\WindowsApps;C:\Users\Maxim\.dotnet\tools;D:\Program Files\IntelliJ IDEA Community Edition 2023.2.1\bin;C:\ProgramFiles\Java\jdk-20\bin;D:\Program Files\IntelliJ IDEA 2023.3.2\bin;D:\Program Files\JetBrains Rider 2023.3.3\bin;D:\Program Files\Microsoft VS Code\bin;D:\Program Files\CLion 2023.3.4\bin;C:\Users\Maxim\DataGrip 2023.3.4\bin;D:\Program Files\WebStorm 2023.3.4\bin
USERNAME=Maxim
DISPLAY=:0.0
LC_ALL=en_US.UTF-8
TERM=xterm-256color
TMPDIR=C:\Users\Maxim\AppData\Local\Temp
OS=Windows_NT
PROCESSOR_IDENTIFIER=AMD64 Family 25 Model 80 Stepping 0, AuthenticAMD
TMP=C:\Users\Maxim\AppData\Local\Temp
TEMP=C:\Users\Maxim\AppData\Local\Temp



Periodic native trim disabled

JNI global refs:
JNI global refs: 0, weak refs: 0

JNI global refs memory usage: 0, weak refs: 0

OOME stack traces (most recent first):
Classloader memory used:


---------------  S Y S T E M  ---------------

OS:
 Windows 10 , 64 bit Build 19041 (10.0.19041.3636)
OS uptime: 19 days 0:27 hours
Hyper-V role detected

CPU: total 16 (initial active 16) (16 cores per cpu, 2 threads per core) family 25 model 80 stepping 0 microcode 0x0, cx8, cmov, fxsr, ht, mmx, 3dnowpref, sse, sse2, sse3, ssse3, sse4a, sse4.1, sse4.2, popcnt, lzcnt, tsc, tscinvbit, avx, avx2, aes, erms, clmul, bmi1, bmi2, adx, sha, fma, vzeroupper, clflush, clflushopt, hv
Processor Information for all 16 processors :
  Max Mhz: 3201, Current Mhz: 1882, Mhz Limit: 3201

Memory: 4k page, system-wide physical 5996M (80M free)
TotalPageFile size 24428M (AvailPageFile size 9M)
current process WorkingSet (physical memory assigned to process): 10M, peak: 10M
current process commit charge ("private bytes"): 69M, peak: 70M

vm_info: OpenJDK 64-Bit Server VM (17.0.9+7-b1087.9) for windows-amd64 JRE (17.0.9+7-b1087.9), built on 2023-12-05 by "builduser" with MS VC++ 16.10 / 16.11 (VS2019)

END.
