#
# There is insufficient memory for the Java Runtime Environment to continue.
# Native memory allocation (malloc) failed to allocate 1013536 bytes for Chunk::new
# Possible reasons:
#   The system is out of physical RAM or swap space
#   The process is running with CompressedOops enabled, and the Java Heap may be blocking the growth of the native heap
# Possible solutions:
#   Reduce memory load on the system
#   Increase physical memory or swap space
#   Check if swap backing store is full
#   Decrease Java heap size (-Xmx/-Xms)
#   Decrease number of Java threads
#   Decrease Java thread stack sizes (-Xss)
#   Set larger code cache with -XX:ReservedCodeCacheSize=
#   JVM is running with Unscaled Compressed Oops mode in which the Java heap is
#     placed in the first 4GB address space. The Java Heap base address is the
#     maximum limit for the native heap growth. Please use -XX:HeapBaseMinAddress
#     to set the Java Heap base and to place the Java Heap above 4GB virtual address.
# This output file may be truncated or incomplete.
#
#  Out of Memory Error (arena.cpp:184), pid=13564, tid=13228
#
# JRE version: Java(TM) SE Runtime Environment (20.0.1+9) (build 20.0.1+9-29)
# Java VM: Java HotSpot(TM) 64-Bit Server VM (20.0.1+9-29, mixed mode, sharing, tiered, compressed oops, compressed class ptrs, g1 gc, windows-amd64)
# No core dump will be written. Minidumps are not enabled by default on client versions of Windows
#

---------------  S U M M A R Y ------------

Command Line: -ea -javaagent:C:\Users\Maxim\AppData\Local\JetBrains\IntelliJIdea2023.3\testAgent\intellij-coverage-agent-1.0.738.jar=C:\Users\Maxim\AppData\Local\Temp\coverage1args -Didea.test.cyclic.buffer.size=1048576 -javaagent:D:\Program Files\IntelliJ IDEA 2023.3.2\lib\idea_rt.jar=60982:D:\Program Files\IntelliJ IDEA 2023.3.2\bin -Dfile.encoding=UTF-8 -Dsun.stdout.encoding=UTF-8 -Dsun.stderr.encoding=UTF-8 com.intellij.rt.junit.JUnitStarter -ideVersion5 -junit5 @w@C:\Users\Maxim\AppData\Local\Temp\idea_working_dirs_junit.tmp @C:\Users\Maxim\AppData\Local\Temp\idea_junit.tmp -socket60981

Host: AMD Ryzen 7 5800H with Radeon Graphics         , 16 cores, 5G,  Windows 10 , 64 bit Build 19041 (10.0.19041.3636)
Time: Sat Apr  6 01:28:05 2024 RTZ 2 (s 10 , 64 bit Build 19041 (10.0.19041.3636) elapsed time: 125.848860 seconds (0d 0h 2m 5s)

---------------  T H R E A D  ---------------

Current thread (0x000001d965a57200):  JavaThread "C2 CompilerThread0" daemon [_thread_in_native, id=13228, stack(0x0000000b92b00000,0x0000000b92c00000)]


Current CompileTask:
C2: 125848 6839       4       org.jetbrains.coverage.org.objectweb.asm.ClassReader::readCode (5095 bytes)

Stack: [0x0000000b92b00000,0x0000000b92c00000]
Native frames: (J=compiled Java code, j=interpreted, Vv=VM code, C=native code)
V  [jvm.dll+0x6bb95a]
V  [jvm.dll+0x8485fa]
V  [jvm.dll+0x84a1f5]
V  [jvm.dll+0x84a8f3]
V  [jvm.dll+0x280b0f]
V  [jvm.dll+0xc2b11]
V  [jvm.dll+0xc2e35]
V  [jvm.dll+0x2f5dbf]
V  [jvm.dll+0x5e32eb]
V  [jvm.dll+0x2543b4]
V  [jvm.dll+0x24ccd4]
V  [jvm.dll+0x24a549]
V  [jvm.dll+0x1ce491]
V  [jvm.dll+0x259e1b]
V  [jvm.dll+0x2584f0]
V  [jvm.dll+0x3f2895]
V  [jvm.dll+0x7f4b56]
V  [jvm.dll+0x6ba5cb]
C  [ucrtbase.dll+0x21bb2]
C  [KERNEL32.DLL+0x17344]
C  [ntdll.dll+0x526b1]


---------------  P R O C E S S  ---------------

Threads class SMR info:
_java_thread_list=0x000001d96c6f3600, length=33, elements={
0x000001d94715c5c0, 0x000001d965a516c0, 0x000001d965a52460, 0x000001d965a53480,
0x000001d965a54dd0, 0x000001d965a558b0, 0x000001d965a59250, 0x000001d965a57200,
0x000001d965a57b80, 0x000001d969db4e30, 0x000001d969e715f0, 0x000001d969e6fb70,
0x000001d96bf9c780, 0x000001d96a145030, 0x000001d96a149540, 0x000001d96a142060,
0x000001d96a1425b0, 0x000001d96a1435a0, 0x000001d96a145ad0, 0x000001d96bf9e760,
0x000001d96e261300, 0x000001d96e264d70, 0x000001d96e263830, 0x000001d96e265d60,
0x000001d96e263d80, 0x000001d96e25e880, 0x000001d96e260db0, 0x000001d96e265810,
0x000001d96e262840, 0x000001d96e261850, 0x000001d96df56090, 0x000001d96df52b70,
0x000001d96df54600
}

Java Threads: ( => current thread )
  0x000001d94715c5c0 JavaThread "main" [_thread_in_native, id=8620, stack(0x0000000b91e00000,0x0000000b91f00000)]
  0x000001d965a516c0 JavaThread "Reference Handler" daemon [_thread_blocked, id=3196, stack(0x0000000b92500000,0x0000000b92600000)]
  0x000001d965a52460 JavaThread "Finalizer" daemon [_thread_blocked, id=18068, stack(0x0000000b92600000,0x0000000b92700000)]
  0x000001d965a53480 JavaThread "Signal Dispatcher" daemon [_thread_blocked, id=14116, stack(0x0000000b92700000,0x0000000b92800000)]
  0x000001d965a54dd0 JavaThread "Attach Listener" daemon [_thread_blocked, id=11996, stack(0x0000000b92800000,0x0000000b92900000)]
  0x000001d965a558b0 JavaThread "Service Thread" daemon [_thread_blocked, id=9784, stack(0x0000000b92900000,0x0000000b92a00000)]
  0x000001d965a59250 JavaThread "Monitor Deflation Thread" daemon [_thread_blocked, id=5292, stack(0x0000000b92a00000,0x0000000b92b00000)]
=>0x000001d965a57200 JavaThread "C2 CompilerThread0" daemon [_thread_in_native, id=13228, stack(0x0000000b92b00000,0x0000000b92c00000)]
  0x000001d965a57b80 JavaThread "C1 CompilerThread0" daemon [_thread_blocked, id=10932, stack(0x0000000b92c00000,0x0000000b92d00000)]
  0x000001d969db4e30 JavaThread "Common-Cleaner" daemon [_thread_blocked, id=9792, stack(0x0000000b92d00000,0x0000000b92e00000)]
  0x000001d969e715f0 JavaThread "Monitor Ctrl-Break" daemon [_thread_in_native, id=5720, stack(0x0000000b92e00000,0x0000000b92f00000)]
  0x000001d969e6fb70 JavaThread "Notification Thread" daemon [_thread_blocked, id=17916, stack(0x0000000b92f00000,0x0000000b93000000)]
  0x000001d96bf9c780 JavaThread "testcontainers-lifecycle-0" daemon [_thread_blocked, id=15752, stack(0x0000000b94100000,0x0000000b94200000)]
  0x000001d96a145030 JavaThread "Thread-2" daemon [_thread_in_native, id=2408, stack(0x0000000b94300000,0x0000000b94400000)]
  0x000001d96a149540 JavaThread "Thread-3" daemon [_thread_in_native, id=8400, stack(0x0000000b94400000,0x0000000b94500000)]
  0x000001d96a142060 JavaThread "Thread-4" daemon [_thread_in_native, id=10032, stack(0x0000000b94500000,0x0000000b94600000)]
  0x000001d96a1425b0 JavaThread "Thread-5" daemon [_thread_in_native, id=19104, stack(0x0000000b94600000,0x0000000b94700000)]
  0x000001d96a1435a0 JavaThread "Thread-6" daemon [_thread_in_native, id=9600, stack(0x0000000b94700000,0x0000000b94800000)]
  0x000001d96a145ad0 JavaThread "Thread-7" daemon [_thread_in_native, id=15372, stack(0x0000000b94800000,0x0000000b94900000)]
  0x000001d96bf9e760 JavaThread "Thread-8" daemon [_thread_in_native, id=18288, stack(0x0000000b94900000,0x0000000b94a00000)]
  0x000001d96e261300 JavaThread "Thread-9" daemon [_thread_in_native, id=13768, stack(0x0000000b94a00000,0x0000000b94b00000)]
  0x000001d96e264d70 JavaThread "Thread-10" daemon [_thread_in_native, id=15500, stack(0x0000000b94b00000,0x0000000b94c00000)]
  0x000001d96e263830 JavaThread "Thread-11" daemon [_thread_in_native, id=9288, stack(0x0000000b94c00000,0x0000000b94d00000)]
  0x000001d96e265d60 JavaThread "Thread-12" daemon [_thread_in_native, id=5340, stack(0x0000000b94d00000,0x0000000b94e00000)]
  0x000001d96e263d80 JavaThread "Thread-13" daemon [_thread_in_native, id=10108, stack(0x0000000b94e00000,0x0000000b94f00000)]
  0x000001d96e25e880 JavaThread "Thread-14" daemon [_thread_in_native, id=12244, stack(0x0000000b94f00000,0x0000000b95000000)]
  0x000001d96e260db0 JavaThread "Thread-15" daemon [_thread_in_native, id=3660, stack(0x0000000b95000000,0x0000000b95100000)]
  0x000001d96e265810 JavaThread "Thread-16" daemon [_thread_in_native, id=17836, stack(0x0000000b95100000,0x0000000b95200000)]
  0x000001d96e262840 JavaThread "Thread-17" daemon [_thread_in_native, id=8948, stack(0x0000000b95200000,0x0000000b95300000)]
  0x000001d96e261850 JavaThread "Thread-18" daemon [_thread_in_native, id=1348, stack(0x0000000b95300000,0x0000000b95400000)]
  0x000001d96df56090 JavaThread "Thread-21" daemon [_thread_blocked, id=4012, stack(0x0000000b91c00000,0x0000000b91d00000)]
  0x000001d96df52b70 JavaThread "Thread-22" daemon [_thread_blocked, id=5800, stack(0x0000000b91d00000,0x0000000b91e00000)]
  0x000001d96df54600 JavaThread "testcontainers-ryuk" daemon [_thread_blocked, id=15144, stack(0x0000000b91b00000,0x0000000b91c00000)]

Other Threads:
  0x000001d965a2fff0 VMThread "VM Thread" [stack: 0x0000000b92400000,0x0000000b92500000] [id=16940]
  0x000001d969f290d0 WatcherThread "VM Periodic Task Thread" [stack: 0x0000000b93000000,0x0000000b93100000] [id=17184]
  0x000001d9471ae880 WorkerThread "GC Thread#0" [stack: 0x0000000b91f00000,0x0000000b92000000] [id=10516]
  0x000001d969e6af50 WorkerThread "GC Thread#1" [stack: 0x0000000b93100000,0x0000000b93200000] [id=8308]
  0x000001d969e6b7c0 WorkerThread "GC Thread#2" [stack: 0x0000000b93200000,0x0000000b93300000] [id=3032]
  0x000001d969e69ba0 WorkerThread "GC Thread#3" [stack: 0x0000000b93300000,0x0000000b93400000] [id=12720]
  0x000001d969e6ac80 WorkerThread "GC Thread#4" [stack: 0x0000000b93400000,0x0000000b93500000] [id=15808]
  0x000001d969e6b220 WorkerThread "GC Thread#5" [stack: 0x0000000b93500000,0x0000000b93600000] [id=9108]
  0x000001d969e69e70 WorkerThread "GC Thread#6" [stack: 0x0000000b93600000,0x0000000b93700000] [id=15908]
  0x000001d969e6a140 WorkerThread "GC Thread#7" [stack: 0x0000000b93700000,0x0000000b93800000] [id=5700]
  0x000001d969e6a9b0 WorkerThread "GC Thread#8" [stack: 0x0000000b93800000,0x0000000b93900000] [id=12248]
  0x000001d96c0391c0 WorkerThread "GC Thread#9" [stack: 0x0000000b93900000,0x0000000b93a00000] [id=13124]
  0x000001d96b043af0 WorkerThread "GC Thread#10" [stack: 0x0000000b93b00000,0x0000000b93c00000] [id=14416]
  0x000001d96b042fb0 WorkerThread "GC Thread#11" [stack: 0x0000000b93c00000,0x0000000b93d00000] [id=4688]
  0x000001d96c039760 WorkerThread "GC Thread#12" [stack: 0x0000000b93d00000,0x0000000b93e00000] [id=14428]
  0x000001d9471bd240 ConcurrentGCThread "G1 Main Marker" [stack: 0x0000000b92000000,0x0000000b92100000] [id=2688]
  0x000001d9471bdd20 WorkerThread "G1 Conc#0" [stack: 0x0000000b92100000,0x0000000b92200000] [id=9660]
  0x000001d969c3d440 WorkerThread "G1 Conc#1" [stack: 0x0000000b93f00000,0x0000000b94000000] [id=9632]
  0x000001d969c3d9e0 WorkerThread "G1 Conc#2" [stack: 0x0000000b94000000,0x0000000b94100000] [id=5416]
  0x000001d94720eae0 ConcurrentGCThread "G1 Refine#0" [stack: 0x0000000b92200000,0x0000000b92300000] [id=15320]
  0x000001d9658f4910 ConcurrentGCThread "G1 Service" [stack: 0x0000000b92300000,0x0000000b92400000] [id=5104]

Threads with active compile tasks:
C2 CompilerThread0   125908 6839       4       org.jetbrains.coverage.org.objectweb.asm.ClassReader::readCode (5095 bytes)

VM state: not at safepoint (normal execution)

VM Mutex/Monitor currently owned by a thread: None

Heap address: 0x00000000a2400000, size: 1500 MB, Compressed Oops mode: 32-bit

CDS archive(s) mapped at: [0x0000000800000000-0x0000000800c60000-0x0000000800c60000), size 12976128, SharedBaseAddress: 0x0000000800000000, ArchiveRelocationMode: 0.
Compressed class space mapped at: 0x0000000801000000-0x0000000841000000, reserved size: 1073741824
Narrow klass base: 0x0000000800000000, Narrow klass shift: 0, Narrow klass range: 0x100000000

GC Precious Log:
 CardTable entry size: 512
 Card Set container configuration: InlinePtr #cards 5 size 8 Array Of Cards #cards 12 size 40 Howl #buckets 4 coarsen threshold 1843 Howl Bitmap #cards 512 size 80 coarsen threshold 460 Card regions per heap region 1 cards per card region 2048
 CPUs: 16 total, 16 available
 Memory: 5996M
 Large Page Support: Disabled
 NUMA Support: Disabled
 Compressed Oops: Enabled (32-bit)
 Heap Region Size: 1M
 Heap Min Capacity: 8M
 Heap Initial Capacity: 94M
 Heap Max Capacity: 1500M
 Pre-touch: Disabled
 Parallel Workers: 13
 Concurrent Workers: 3
 Concurrent Refinement Workers: 13
 Periodic GC: Disabled

Heap:
 garbage-first heap   total 121856K, used 84480K [0x00000000a2400000, 0x0000000100000000)
  region size 1024K, 38 young (38912K), 8 survivors (8192K)
 Metaspace       used 46785K, committed 47296K, reserved 1114112K
  class space    used 5333K, committed 5568K, reserved 1048576K

Heap Regions: E=young(eden), S=young(survivor), O=old, HS=humongous(starts), HC=humongous(continues), CS=collection set, F=free, OA=open archive, CA=closed archive, TAMS=top-at-mark-start, PB=parsable bottom
|   0|0x00000000a2400000, 0x00000000a2500000, 0x00000000a2500000|100%|HS|  |TAMS 0x00000000a2400000| PB 0x00000000a2400000| Complete 
|   1|0x00000000a2500000, 0x00000000a2600000, 0x00000000a2600000|100%|HS|  |TAMS 0x00000000a2500000| PB 0x00000000a2500000| Complete 
|   2|0x00000000a2600000, 0x00000000a2700000, 0x00000000a2700000|100%|HC|  |TAMS 0x00000000a2600000| PB 0x00000000a2600000| Complete 
|   3|0x00000000a2700000, 0x00000000a2800000, 0x00000000a2800000|100%| O|  |TAMS 0x00000000a2700000| PB 0x00000000a2700000| Untracked 
|   4|0x00000000a2800000, 0x00000000a2900000, 0x00000000a2900000|100%| O|  |TAMS 0x00000000a2800000| PB 0x00000000a2800000| Untracked 
|   5|0x00000000a2900000, 0x00000000a2a00000, 0x00000000a2a00000|100%| O|  |TAMS 0x00000000a2900000| PB 0x00000000a2900000| Untracked 
|   6|0x00000000a2a00000, 0x00000000a2b00000, 0x00000000a2b00000|100%| O|  |TAMS 0x00000000a2a00000| PB 0x00000000a2a00000| Untracked 
|   7|0x00000000a2b00000, 0x00000000a2c00000, 0x00000000a2c00000|100%| O|  |TAMS 0x00000000a2b00000| PB 0x00000000a2b00000| Untracked 
|   8|0x00000000a2c00000, 0x00000000a2d00000, 0x00000000a2d00000|100%| O|  |TAMS 0x00000000a2c00000| PB 0x00000000a2c00000| Untracked 
|   9|0x00000000a2d00000, 0x00000000a2e00000, 0x00000000a2e00000|100%| O|  |TAMS 0x00000000a2d00000| PB 0x00000000a2d00000| Untracked 
|  10|0x00000000a2e00000, 0x00000000a2f00000, 0x00000000a2f00000|100%| O|  |TAMS 0x00000000a2e00000| PB 0x00000000a2e00000| Untracked 
|  11|0x00000000a2f00000, 0x00000000a3000000, 0x00000000a3000000|100%| O|  |TAMS 0x00000000a2f00000| PB 0x00000000a2f00000| Untracked 
|  12|0x00000000a3000000, 0x00000000a3100000, 0x00000000a3100000|100%| O|  |TAMS 0x00000000a3000000| PB 0x00000000a3000000| Untracked 
|  13|0x00000000a3100000, 0x00000000a3200000, 0x00000000a3200000|100%| O|  |TAMS 0x00000000a3100000| PB 0x00000000a3100000| Untracked 
|  14|0x00000000a3200000, 0x00000000a3300000, 0x00000000a3300000|100%| O|  |TAMS 0x00000000a3200000| PB 0x00000000a3200000| Untracked 
|  15|0x00000000a3300000, 0x00000000a3400000, 0x00000000a3400000|100%| O|  |TAMS 0x00000000a3300000| PB 0x00000000a3300000| Untracked 
|  16|0x00000000a3400000, 0x00000000a3500000, 0x00000000a3500000|100%| O|  |TAMS 0x00000000a3400000| PB 0x00000000a3400000| Untracked 
|  17|0x00000000a3500000, 0x00000000a3600000, 0x00000000a3600000|100%| O|  |TAMS 0x00000000a3500000| PB 0x00000000a3500000| Untracked 
|  18|0x00000000a3600000, 0x00000000a3700000, 0x00000000a3700000|100%| O|  |TAMS 0x00000000a3600000| PB 0x00000000a3600000| Untracked 
|  19|0x00000000a3700000, 0x00000000a3800000, 0x00000000a3800000|100%| O|  |TAMS 0x00000000a3700000| PB 0x00000000a3700000| Untracked 
|  20|0x00000000a3800000, 0x00000000a3900000, 0x00000000a3900000|100%| O|  |TAMS 0x00000000a3800000| PB 0x00000000a3800000| Untracked 
|  21|0x00000000a3900000, 0x00000000a3a00000, 0x00000000a3a00000|100%| O|  |TAMS 0x00000000a3900000| PB 0x00000000a3900000| Untracked 
|  22|0x00000000a3a00000, 0x00000000a3b00000, 0x00000000a3b00000|100%| O|  |TAMS 0x00000000a3a00000| PB 0x00000000a3a00000| Untracked 
|  23|0x00000000a3b00000, 0x00000000a3c00000, 0x00000000a3c00000|100%| O|  |TAMS 0x00000000a3b00000| PB 0x00000000a3b00000| Untracked 
|  24|0x00000000a3c00000, 0x00000000a3d00000, 0x00000000a3d00000|100%| O|  |TAMS 0x00000000a3c00000| PB 0x00000000a3c00000| Untracked 
|  25|0x00000000a3d00000, 0x00000000a3d00000, 0x00000000a3e00000|  0%| F|  |TAMS 0x00000000a3d00000| PB 0x00000000a3d00000| Untracked 
|  26|0x00000000a3e00000, 0x00000000a3f00000, 0x00000000a3f00000|100%| O|  |TAMS 0x00000000a3e00000| PB 0x00000000a3e00000| Untracked 
|  27|0x00000000a3f00000, 0x00000000a4000000, 0x00000000a4000000|100%| O|  |TAMS 0x00000000a3f00000| PB 0x00000000a3f00000| Untracked 
|  28|0x00000000a4000000, 0x00000000a4100000, 0x00000000a4100000|100%| O|  |TAMS 0x00000000a4000000| PB 0x00000000a4000000| Untracked 
|  29|0x00000000a4100000, 0x00000000a4200000, 0x00000000a4200000|100%| O|  |TAMS 0x00000000a4100000| PB 0x00000000a4100000| Untracked 
|  30|0x00000000a4200000, 0x00000000a4300000, 0x00000000a4300000|100%| O|  |TAMS 0x00000000a4200000| PB 0x00000000a4200000| Untracked 
|  31|0x00000000a4300000, 0x00000000a4400000, 0x00000000a4400000|100%| O|  |TAMS 0x00000000a4300000| PB 0x00000000a4300000| Untracked 
|  32|0x00000000a4400000, 0x00000000a4500000, 0x00000000a4500000|100%| O|  |TAMS 0x00000000a4400000| PB 0x00000000a4400000| Untracked 
|  33|0x00000000a4500000, 0x00000000a4600000, 0x00000000a4600000|100%| O|  |TAMS 0x00000000a4500000| PB 0x00000000a4500000| Untracked 
|  34|0x00000000a4600000, 0x00000000a4700000, 0x00000000a4700000|100%| O|  |TAMS 0x00000000a4600000| PB 0x00000000a4600000| Untracked 
|  35|0x00000000a4700000, 0x00000000a4800000, 0x00000000a4800000|100%| O|  |TAMS 0x00000000a4700000| PB 0x00000000a4700000| Untracked 
|  36|0x00000000a4800000, 0x00000000a4900000, 0x00000000a4900000|100%| O|  |TAMS 0x00000000a4800000| PB 0x00000000a4800000| Untracked 
|  37|0x00000000a4900000, 0x00000000a4a00000, 0x00000000a4a00000|100%| O|  |TAMS 0x00000000a4900000| PB 0x00000000a4900000| Untracked 
|  38|0x00000000a4a00000, 0x00000000a4b00000, 0x00000000a4b00000|100%| O|  |TAMS 0x00000000a4a00000| PB 0x00000000a4a00000| Untracked 
|  39|0x00000000a4b00000, 0x00000000a4c00000, 0x00000000a4c00000|100%| O|  |TAMS 0x00000000a4b00000| PB 0x00000000a4b00000| Untracked 
|  40|0x00000000a4c00000, 0x00000000a4d00000, 0x00000000a4d00000|100%| O|  |TAMS 0x00000000a4c00000| PB 0x00000000a4c00000| Untracked 
|  41|0x00000000a4d00000, 0x00000000a4d00000, 0x00000000a4e00000|  0%| F|  |TAMS 0x00000000a4d00000| PB 0x00000000a4d00000| Untracked 
|  42|0x00000000a4e00000, 0x00000000a4e00000, 0x00000000a4f00000|  0%| F|  |TAMS 0x00000000a4e00000| PB 0x00000000a4e00000| Untracked 
|  43|0x00000000a4f00000, 0x00000000a4f80000, 0x00000000a5000000| 50%| S|CS|TAMS 0x00000000a4f00000| PB 0x00000000a4f00000| Complete 
|  44|0x00000000a5000000, 0x00000000a5100000, 0x00000000a5100000|100%| S|CS|TAMS 0x00000000a5000000| PB 0x00000000a5000000| Complete 
|  45|0x00000000a5100000, 0x00000000a5200000, 0x00000000a5200000|100%| S|CS|TAMS 0x00000000a5100000| PB 0x00000000a5100000| Complete 
|  46|0x00000000a5200000, 0x00000000a5300000, 0x00000000a5300000|100%| S|CS|TAMS 0x00000000a5200000| PB 0x00000000a5200000| Complete 
|  47|0x00000000a5300000, 0x00000000a5400000, 0x00000000a5400000|100%| S|CS|TAMS 0x00000000a5300000| PB 0x00000000a5300000| Complete 
|  48|0x00000000a5400000, 0x00000000a5500000, 0x00000000a5500000|100%| S|CS|TAMS 0x00000000a5400000| PB 0x00000000a5400000| Complete 
|  49|0x00000000a5500000, 0x00000000a5600000, 0x00000000a5600000|100%| O|  |TAMS 0x00000000a5500000| PB 0x00000000a5500000| Untracked 
|  50|0x00000000a5600000, 0x00000000a5700000, 0x00000000a5700000|100%| O|  |TAMS 0x00000000a5600000| PB 0x00000000a5600000| Untracked 
|  51|0x00000000a5700000, 0x00000000a5800000, 0x00000000a5800000|100%| O|  |TAMS 0x00000000a5700000| PB 0x00000000a5700000| Untracked 
|  52|0x00000000a5800000, 0x00000000a5900000, 0x00000000a5900000|100%| O|  |TAMS 0x00000000a5800000| PB 0x00000000a5800000| Untracked 
|  53|0x00000000a5900000, 0x00000000a5a00000, 0x00000000a5a00000|100%| O|  |TAMS 0x00000000a5900000| PB 0x00000000a5900000| Untracked 
|  54|0x00000000a5a00000, 0x00000000a5b00000, 0x00000000a5b00000|100%| O|  |TAMS 0x00000000a5a00000| PB 0x00000000a5a00000| Untracked 
|  55|0x00000000a5b00000, 0x00000000a5c00000, 0x00000000a5c00000|100%| S|CS|TAMS 0x00000000a5b00000| PB 0x00000000a5b00000| Complete 
|  56|0x00000000a5c00000, 0x00000000a5d00000, 0x00000000a5d00000|100%| S|CS|TAMS 0x00000000a5c00000| PB 0x00000000a5c00000| Complete 
|  57|0x00000000a5d00000, 0x00000000a5d00000, 0x00000000a5e00000|  0%| F|  |TAMS 0x00000000a5d00000| PB 0x00000000a5d00000| Untracked 
|  58|0x00000000a5e00000, 0x00000000a5e00000, 0x00000000a5f00000|  0%| F|  |TAMS 0x00000000a5e00000| PB 0x00000000a5e00000| Untracked 
|  59|0x00000000a5f00000, 0x00000000a5f00000, 0x00000000a6000000|  0%| F|  |TAMS 0x00000000a5f00000| PB 0x00000000a5f00000| Untracked 
|  60|0x00000000a6000000, 0x00000000a6000000, 0x00000000a6100000|  0%| F|  |TAMS 0x00000000a6000000| PB 0x00000000a6000000| Untracked 
|  61|0x00000000a6100000, 0x00000000a6100000, 0x00000000a6200000|  0%| F|  |TAMS 0x00000000a6100000| PB 0x00000000a6100000| Untracked 
|  62|0x00000000a6200000, 0x00000000a6200000, 0x00000000a6300000|  0%| F|  |TAMS 0x00000000a6200000| PB 0x00000000a6200000| Untracked 
|  63|0x00000000a6300000, 0x00000000a6300000, 0x00000000a6400000|  0%| F|  |TAMS 0x00000000a6300000| PB 0x00000000a6300000| Untracked 
|  64|0x00000000a6400000, 0x00000000a6400000, 0x00000000a6500000|  0%| F|  |TAMS 0x00000000a6400000| PB 0x00000000a6400000| Untracked 
|  65|0x00000000a6500000, 0x00000000a6500000, 0x00000000a6600000|  0%| F|  |TAMS 0x00000000a6500000| PB 0x00000000a6500000| Untracked 
|  66|0x00000000a6600000, 0x00000000a6600000, 0x00000000a6700000|  0%| F|  |TAMS 0x00000000a6600000| PB 0x00000000a6600000| Untracked 
|  67|0x00000000a6700000, 0x00000000a6700000, 0x00000000a6800000|  0%| F|  |TAMS 0x00000000a6700000| PB 0x00000000a6700000| Untracked 
|  68|0x00000000a6800000, 0x00000000a6800000, 0x00000000a6900000|  0%| F|  |TAMS 0x00000000a6800000| PB 0x00000000a6800000| Untracked 
|  69|0x00000000a6900000, 0x00000000a6900000, 0x00000000a6a00000|  0%| F|  |TAMS 0x00000000a6900000| PB 0x00000000a6900000| Untracked 
|  70|0x00000000a6a00000, 0x00000000a6a00000, 0x00000000a6b00000|  0%| F|  |TAMS 0x00000000a6a00000| PB 0x00000000a6a00000| Untracked 
|  71|0x00000000a6b00000, 0x00000000a6b00000, 0x00000000a6c00000|  0%| F|  |TAMS 0x00000000a6b00000| PB 0x00000000a6b00000| Untracked 
|  72|0x00000000a6c00000, 0x00000000a6c00000, 0x00000000a6d00000|  0%| F|  |TAMS 0x00000000a6c00000| PB 0x00000000a6c00000| Untracked 
|  73|0x00000000a6d00000, 0x00000000a6d00000, 0x00000000a6e00000|  0%| F|  |TAMS 0x00000000a6d00000| PB 0x00000000a6d00000| Untracked 
|  74|0x00000000a6e00000, 0x00000000a6e00000, 0x00000000a6f00000|  0%| F|  |TAMS 0x00000000a6e00000| PB 0x00000000a6e00000| Untracked 
|  75|0x00000000a6f00000, 0x00000000a6f00000, 0x00000000a7000000|  0%| F|  |TAMS 0x00000000a6f00000| PB 0x00000000a6f00000| Untracked 
|  76|0x00000000a7000000, 0x00000000a7000000, 0x00000000a7100000|  0%| F|  |TAMS 0x00000000a7000000| PB 0x00000000a7000000| Untracked 
|  77|0x00000000a7100000, 0x00000000a7100000, 0x00000000a7200000|  0%| F|  |TAMS 0x00000000a7100000| PB 0x00000000a7100000| Untracked 
|  78|0x00000000a7200000, 0x00000000a7200000, 0x00000000a7300000|  0%| F|  |TAMS 0x00000000a7200000| PB 0x00000000a7200000| Untracked 
|  79|0x00000000a7300000, 0x00000000a7300000, 0x00000000a7400000|  0%| F|  |TAMS 0x00000000a7300000| PB 0x00000000a7300000| Untracked 
|  80|0x00000000a7400000, 0x00000000a7400000, 0x00000000a7500000|  0%| F|  |TAMS 0x00000000a7400000| PB 0x00000000a7400000| Untracked 
|  81|0x00000000a7500000, 0x00000000a7500000, 0x00000000a7600000|  0%| F|  |TAMS 0x00000000a7500000| PB 0x00000000a7500000| Untracked 
|  82|0x00000000a7600000, 0x00000000a7600000, 0x00000000a7700000|  0%| F|  |TAMS 0x00000000a7600000| PB 0x00000000a7600000| Untracked 
|  83|0x00000000a7700000, 0x00000000a7700000, 0x00000000a7800000|  0%| F|  |TAMS 0x00000000a7700000| PB 0x00000000a7700000| Untracked 
|  84|0x00000000a7800000, 0x00000000a7800000, 0x00000000a7900000|  0%| F|  |TAMS 0x00000000a7800000| PB 0x00000000a7800000| Untracked 
|  85|0x00000000a7900000, 0x00000000a7900000, 0x00000000a7a00000|  0%| F|  |TAMS 0x00000000a7900000| PB 0x00000000a7900000| Untracked 
|  86|0x00000000a7a00000, 0x00000000a7a00000, 0x00000000a7b00000|  0%| F|  |TAMS 0x00000000a7a00000| PB 0x00000000a7a00000| Untracked 
|  87|0x00000000a7b00000, 0x00000000a7b00000, 0x00000000a7c00000|  0%| F|  |TAMS 0x00000000a7b00000| PB 0x00000000a7b00000| Untracked 
|  88|0x00000000a7c00000, 0x00000000a7c00000, 0x00000000a7d00000|  0%| F|  |TAMS 0x00000000a7c00000| PB 0x00000000a7c00000| Untracked 
|  89|0x00000000a7d00000, 0x00000000a7e00000, 0x00000000a7e00000|100%| E|  |TAMS 0x00000000a7d00000| PB 0x00000000a7d00000| Complete 
|  90|0x00000000a7e00000, 0x00000000a7f00000, 0x00000000a7f00000|100%| E|CS|TAMS 0x00000000a7e00000| PB 0x00000000a7e00000| Complete 
|  91|0x00000000a7f00000, 0x00000000a8000000, 0x00000000a8000000|100%| E|CS|TAMS 0x00000000a7f00000| PB 0x00000000a7f00000| Complete 
|  92|0x00000000a8000000, 0x00000000a8100000, 0x00000000a8100000|100%| E|CS|TAMS 0x00000000a8000000| PB 0x00000000a8000000| Complete 
|  93|0x00000000a8100000, 0x00000000a8200000, 0x00000000a8200000|100%| E|CS|TAMS 0x00000000a8100000| PB 0x00000000a8100000| Complete 
|  94|0x00000000a8200000, 0x00000000a8300000, 0x00000000a8300000|100%| E|CS|TAMS 0x00000000a8200000| PB 0x00000000a8200000| Complete 
|  95|0x00000000a8300000, 0x00000000a8400000, 0x00000000a8400000|100%| E|CS|TAMS 0x00000000a8300000| PB 0x00000000a8300000| Complete 
|  96|0x00000000a8400000, 0x00000000a8500000, 0x00000000a8500000|100%| E|CS|TAMS 0x00000000a8400000| PB 0x00000000a8400000| Complete 
|  97|0x00000000a8500000, 0x00000000a8600000, 0x00000000a8600000|100%| E|CS|TAMS 0x00000000a8500000| PB 0x00000000a8500000| Complete 
|  98|0x00000000a8600000, 0x00000000a8700000, 0x00000000a8700000|100%| E|CS|TAMS 0x00000000a8600000| PB 0x00000000a8600000| Complete 
|  99|0x00000000a8700000, 0x00000000a8800000, 0x00000000a8800000|100%| E|CS|TAMS 0x00000000a8700000| PB 0x00000000a8700000| Complete 
| 100|0x00000000a8800000, 0x00000000a8900000, 0x00000000a8900000|100%| E|CS|TAMS 0x00000000a8800000| PB 0x00000000a8800000| Complete 
| 101|0x00000000a8900000, 0x00000000a8a00000, 0x00000000a8a00000|100%| E|CS|TAMS 0x00000000a8900000| PB 0x00000000a8900000| Complete 
| 102|0x00000000a8a00000, 0x00000000a8b00000, 0x00000000a8b00000|100%| E|CS|TAMS 0x00000000a8a00000| PB 0x00000000a8a00000| Complete 
| 103|0x00000000a8b00000, 0x00000000a8c00000, 0x00000000a8c00000|100%| E|CS|TAMS 0x00000000a8b00000| PB 0x00000000a8b00000| Complete 
| 104|0x00000000a8c00000, 0x00000000a8d00000, 0x00000000a8d00000|100%| E|CS|TAMS 0x00000000a8c00000| PB 0x00000000a8c00000| Complete 
| 105|0x00000000a8d00000, 0x00000000a8e00000, 0x00000000a8e00000|100%| E|CS|TAMS 0x00000000a8d00000| PB 0x00000000a8d00000| Complete 
| 106|0x00000000a8e00000, 0x00000000a8f00000, 0x00000000a8f00000|100%| E|CS|TAMS 0x00000000a8e00000| PB 0x00000000a8e00000| Complete 
| 107|0x00000000a8f00000, 0x00000000a9000000, 0x00000000a9000000|100%| E|CS|TAMS 0x00000000a8f00000| PB 0x00000000a8f00000| Complete 
| 108|0x00000000a9000000, 0x00000000a9100000, 0x00000000a9100000|100%| E|CS|TAMS 0x00000000a9000000| PB 0x00000000a9000000| Complete 
| 109|0x00000000a9100000, 0x00000000a9200000, 0x00000000a9200000|100%| E|CS|TAMS 0x00000000a9100000| PB 0x00000000a9100000| Complete 
| 110|0x00000000a9200000, 0x00000000a9300000, 0x00000000a9300000|100%| E|CS|TAMS 0x00000000a9200000| PB 0x00000000a9200000| Complete 
| 111|0x00000000a9300000, 0x00000000a9400000, 0x00000000a9400000|100%| E|CS|TAMS 0x00000000a9300000| PB 0x00000000a9300000| Complete 
| 112|0x00000000a9400000, 0x00000000a9500000, 0x00000000a9500000|100%| E|CS|TAMS 0x00000000a9400000| PB 0x00000000a9400000| Complete 
| 113|0x00000000a9500000, 0x00000000a9600000, 0x00000000a9600000|100%| E|CS|TAMS 0x00000000a9500000| PB 0x00000000a9500000| Complete 
| 114|0x00000000a9600000, 0x00000000a9700000, 0x00000000a9700000|100%| E|CS|TAMS 0x00000000a9600000| PB 0x00000000a9600000| Complete 
| 115|0x00000000a9700000, 0x00000000a9800000, 0x00000000a9800000|100%| E|CS|TAMS 0x00000000a9700000| PB 0x00000000a9700000| Complete 
| 116|0x00000000a9800000, 0x00000000a9900000, 0x00000000a9900000|100%| E|CS|TAMS 0x00000000a9800000| PB 0x00000000a9800000| Complete 
| 117|0x00000000a9900000, 0x00000000a9a00000, 0x00000000a9a00000|100%| E|CS|TAMS 0x00000000a9900000| PB 0x00000000a9900000| Complete 
| 118|0x00000000a9a00000, 0x00000000a9b00000, 0x00000000a9b00000|100%| E|CS|TAMS 0x00000000a9a00000| PB 0x00000000a9a00000| Complete 

Card table byte_map: [0x000001d960ce0000,0x000001d960fd0000] _byte_map_base: 0x000001d9607ce000

Marking Bits: (CMBitMap*) 0x000001d9471afdd0
 Bits: [0x000001d9612c0000, 0x000001d962a30000)

Polling page: 0x000001d947210000

Metaspace:

Usage:
  Non-class:     40.48 MB used.
      Class:      5.21 MB used.
       Both:     45.69 MB used.

Virtual space:
  Non-class space:       64.00 MB reserved,      40.75 MB ( 64%) committed,  1 nodes.
      Class space:        1.00 GB reserved,       5.44 MB ( <1%) committed,  1 nodes.
             Both:        1.06 GB reserved,      46.19 MB (  4%) committed. 

Chunk freelists:
   Non-Class:  2.55 MB
       Class:  2.61 MB
        Both:  5.16 MB

MaxMetaspaceSize: unlimited
CompressedClassSpaceSize: 1.00 GB
Initial GC threshold: 21.00 MB
Current GC threshold: 58.88 MB
CDS: on
MetaspaceReclaimPolicy: balanced
 - commit_granule_bytes: 65536.
 - commit_granule_words: 8192.
 - virtual_space_node_default_size: 8388608.
 - enlarge_chunks_in_place: 1.
 - new_chunks_are_fully_committed: 0.
 - uncommit_free_chunks: 1.
 - use_allocation_guard: 0.


Internal statistics:

num_allocs_failed_limit: 6.
num_arena_births: 596.
num_arena_deaths: 2.
num_vsnodes_births: 2.
num_vsnodes_deaths: 0.
num_space_committed: 739.
num_space_uncommitted: 0.
num_chunks_returned_to_freelist: 9.
num_chunks_taken_from_freelist: 2191.
num_chunk_merges: 6.
num_chunk_splits: 1580.
num_chunks_enlarged: 1219.
num_inconsistent_stats: 0.

CodeHeap 'non-profiled nmethods': size=119168Kb used=3565Kb max_used=3565Kb free=115602Kb
 bounds [0x000001d9585c0000, 0x000001d958940000, 0x000001d95fa20000]
CodeHeap 'profiled nmethods': size=119104Kb used=11876Kb max_used=11876Kb free=107227Kb
 bounds [0x000001d950a20000, 0x000001d9515c0000, 0x000001d957e70000]
CodeHeap 'non-nmethods': size=7488Kb used=1588Kb max_used=2188Kb free=5899Kb
 bounds [0x000001d957e70000, 0x000001d9580e0000, 0x000001d9585c0000]
 total_blobs=6871 nmethods=6272 adapters=509
 compilation: enabled
              stopped_count=0, restarted_count=0
 full_count=0

Compilation events (20 events):
Event: 122.179 Thread 0x000001d965a57b80 nmethod 6829 0x000001d9515a6810 code [0x000001d9515a69a0, 0x000001d9515a6ab8]
Event: 122.179 Thread 0x000001d965a57b80 6830       3       java.lang.StringLatin1$CharsSpliterator::tryAdvance (60 bytes)
Event: 122.179 Thread 0x000001d965a57b80 nmethod 6830 0x000001d9515a6b90 code [0x000001d9515a6d40, 0x000001d9515a7100]
Event: 122.179 Thread 0x000001d965a57b80 6831       3       sun.util.locale.LocaleUtils::isAlphaNumeric (20 bytes)
Event: 122.179 Thread 0x000001d965a57b80 nmethod 6831 0x000001d9515a7210 code [0x000001d9515a73c0, 0x000001d9515a7790]
Event: 123.906 Thread 0x000001d965a57b80 6832       3       java.lang.invoke.MethodHandles$Lookup::unreflectConstructor (55 bytes)
Event: 123.906 Thread 0x000001d965a57b80 nmethod 6832 0x000001d9515a7890 code [0x000001d9515a7a40, 0x000001d9515a7d68]
Event: 123.906 Thread 0x000001d965a57b80 6833       3       jdk.internal.reflect.MethodHandleAccessorFactory::specializedMethodTypeForConstructor (66 bytes)
Event: 123.907 Thread 0x000001d965a57b80 nmethod 6833 0x000001d9515a7e90 code [0x000001d9515a80a0, 0x000001d9515a8558]
Event: 123.908 Thread 0x000001d965a57b80 6834       3       sun.invoke.util.VerifyAccess::isTypeVisible (47 bytes)
Event: 123.909 Thread 0x000001d965a57b80 nmethod 6834 0x000001d9515a8710 code [0x000001d9515a88e0, 0x000001d9515a8ce8]
Event: 125.638 Thread 0x000001d965a57200 6835       4       java.io.ByteArrayOutputStream::ensureCapacity (32 bytes)
Event: 125.642 Thread 0x000001d965a57200 nmethod 6835 0x000001d95893a490 code [0x000001d95893a600, 0x000001d95893a7d0]
Event: 125.694 Thread 0x000001d965a57b80 6836 %     2       org.jetbrains.coverage.org.objectweb.asm.ClassReader::readCode @ 1557 (5095 bytes)
Event: 125.703 Thread 0x000001d965a57200 6837       4       java.lang.StringBuilder::append (8 bytes)
Event: 125.719 Thread 0x000001d965a57b80 nmethod 6836% 0x000001d9515a8f10 code [0x000001d9515a9be0, 0x000001d9515b2630]
Event: 125.720 Thread 0x000001d965a57b80 6838       3       java.lang.String::substring (10 bytes)
Event: 125.720 Thread 0x000001d965a57b80 nmethod 6838 0x000001d9515b9210 code [0x000001d9515b93c0, 0x000001d9515b95f8]
Event: 125.723 Thread 0x000001d965a57200 nmethod 6837 0x000001d95893a910 code [0x000001d95893aac0, 0x000001d95893b308]
Event: 125.723 Thread 0x000001d965a57200 6839       4       org.jetbrains.coverage.org.objectweb.asm.ClassReader::readCode (5095 bytes)

GC Heap History (20 events):
Event: 6.455 GC heap before
{Heap before GC invocations=6 (full 0):
 garbage-first heap   total 96256K, used 57608K [0x00000000a2400000, 0x0000000100000000)
  region size 1024K, 40 young (40960K), 6 survivors (6144K)
 Metaspace       used 21237K, committed 21504K, reserved 1114112K
  class space    used 2439K, committed 2560K, reserved 1048576K
}
Event: 6.465 GC heap after
{Heap after GC invocations=7 (full 0):
 garbage-first heap   total 115712K, used 25814K [0x00000000a2400000, 0x0000000100000000)
  region size 1024K, 5 young (5120K), 5 survivors (5120K)
 Metaspace       used 21237K, committed 21504K, reserved 1114112K
  class space    used 2439K, committed 2560K, reserved 1048576K
}
Event: 6.857 GC heap before
{Heap before GC invocations=8 (full 0):
 garbage-first heap   total 96256K, used 89302K [0x00000000a2400000, 0x0000000100000000)
  region size 1024K, 67 young (68608K), 5 survivors (5120K)
 Metaspace       used 23839K, committed 24256K, reserved 1114112K
  class space    used 2791K, committed 3008K, reserved 1048576K
}
Event: 6.867 GC heap after
{Heap after GC invocations=9 (full 0):
 garbage-first heap   total 99328K, used 29593K [0x00000000a2400000, 0x0000000100000000)
  region size 1024K, 9 young (9216K), 9 survivors (9216K)
 Metaspace       used 23839K, committed 24256K, reserved 1114112K
  class space    used 2791K, committed 3008K, reserved 1048576K
}
Event: 7.155 GC heap before
{Heap before GC invocations=9 (full 0):
 garbage-first heap   total 99328K, used 79769K [0x00000000a2400000, 0x0000000100000000)
  region size 1024K, 58 young (59392K), 9 survivors (9216K)
 Metaspace       used 26131K, committed 26432K, reserved 1114112K
  class space    used 2996K, committed 3136K, reserved 1048576K
}
Event: 7.168 GC heap after
{Heap after GC invocations=10 (full 0):
 garbage-first heap   total 99328K, used 32256K [0x00000000a2400000, 0x0000000100000000)
  region size 1024K, 7 young (7168K), 7 survivors (7168K)
 Metaspace       used 26131K, committed 26432K, reserved 1114112K
  class space    used 2996K, committed 3136K, reserved 1048576K
}
Event: 7.418 GC heap before
{Heap before GC invocations=10 (full 0):
 garbage-first heap   total 99328K, used 84480K [0x00000000a2400000, 0x0000000100000000)
  region size 1024K, 58 young (59392K), 7 survivors (7168K)
 Metaspace       used 28093K, committed 28416K, reserved 1114112K
  class space    used 3177K, committed 3328K, reserved 1048576K
}
Event: 7.426 GC heap after
{Heap after GC invocations=11 (full 0):
 garbage-first heap   total 99328K, used 34587K [0x00000000a2400000, 0x0000000100000000)
  region size 1024K, 6 young (6144K), 6 survivors (6144K)
 Metaspace       used 28093K, committed 28416K, reserved 1114112K
  class space    used 3177K, committed 3328K, reserved 1048576K
}
Event: 7.731 GC heap before
{Heap before GC invocations=11 (full 0):
 garbage-first heap   total 99328K, used 86811K [0x00000000a2400000, 0x0000000100000000)
  region size 1024K, 57 young (58368K), 6 survivors (6144K)
 Metaspace       used 30527K, committed 30848K, reserved 1114112K
  class space    used 3403K, committed 3520K, reserved 1048576K
}
Event: 7.739 GC heap after
{Heap after GC invocations=12 (full 0):
 garbage-first heap   total 121856K, used 36246K [0x00000000a2400000, 0x0000000100000000)
  region size 1024K, 5 young (5120K), 5 survivors (5120K)
 Metaspace       used 30527K, committed 30848K, reserved 1114112K
  class space    used 3403K, committed 3520K, reserved 1048576K
}
Event: 8.264 GC heap before
{Heap before GC invocations=12 (full 0):
 garbage-first heap   total 121856K, used 102806K [0x00000000a2400000, 0x0000000100000000)
  region size 1024K, 71 young (72704K), 5 survivors (5120K)
 Metaspace       used 33329K, committed 33728K, reserved 1114112K
  class space    used 3778K, committed 3968K, reserved 1048576K
}
Event: 8.273 GC heap after
{Heap after GC invocations=13 (full 0):
 garbage-first heap   total 121856K, used 40464K [0x00000000a2400000, 0x0000000100000000)
  region size 1024K, 9 young (9216K), 9 survivors (9216K)
 Metaspace       used 33329K, committed 33728K, reserved 1114112K
  class space    used 3778K, committed 3968K, reserved 1048576K
}
Event: 12.554 GC heap before
{Heap before GC invocations=13 (full 0):
 garbage-first heap   total 121856K, used 80400K [0x00000000a2400000, 0x0000000100000000)
  region size 1024K, 49 young (50176K), 9 survivors (9216K)
 Metaspace       used 35725K, committed 36096K, reserved 1114112K
  class space    used 4075K, committed 4288K, reserved 1048576K
}
Event: 12.567 GC heap after
{Heap after GC invocations=14 (full 0):
 garbage-first heap   total 121856K, used 42452K [0x00000000a2400000, 0x0000000100000000)
  region size 1024K, 7 young (7168K), 7 survivors (7168K)
 Metaspace       used 35725K, committed 36096K, reserved 1114112K
  class space    used 4075K, committed 4288K, reserved 1048576K
}
Event: 115.684 GC heap before
{Heap before GC invocations=15 (full 0):
 garbage-first heap   total 121856K, used 106964K [0x00000000a2400000, 0x0000000100000000)
  region size 1024K, 70 young (71680K), 7 survivors (7168K)
 Metaspace       used 39092K, committed 39424K, reserved 1114112K
  class space    used 4449K, committed 4608K, reserved 1048576K
}
Event: 116.008 GC heap after
{Heap after GC invocations=16 (full 0):
 garbage-first heap   total 121856K, used 47616K [0x00000000a2400000, 0x0000000100000000)
  region size 1024K, 8 young (8192K), 8 survivors (8192K)
 Metaspace       used 39092K, committed 39424K, reserved 1114112K
  class space    used 4449K, committed 4608K, reserved 1048576K
}
Event: 117.416 GC heap before
{Heap before GC invocations=16 (full 0):
 garbage-first heap   total 121856K, used 102912K [0x00000000a2400000, 0x0000000100000000)
  region size 1024K, 63 young (64512K), 8 survivors (8192K)
 Metaspace       used 41733K, committed 42176K, reserved 1114112K
  class space    used 4738K, committed 4928K, reserved 1048576K
}
Event: 117.454 GC heap after
{Heap after GC invocations=17 (full 0):
 garbage-first heap   total 121856K, used 50688K [0x00000000a2400000, 0x0000000100000000)
  region size 1024K, 4 young (4096K), 4 survivors (4096K)
 Metaspace       used 41733K, committed 42176K, reserved 1114112K
  class space    used 4738K, committed 4928K, reserved 1048576K
}
Event: 118.781 GC heap before
{Heap before GC invocations=17 (full 0):
 garbage-first heap   total 121856K, used 110080K [0x00000000a2400000, 0x0000000100000000)
  region size 1024K, 62 young (63488K), 4 survivors (4096K)
 Metaspace       used 44842K, committed 45312K, reserved 1114112K
  class space    used 5143K, committed 5376K, reserved 1048576K
}
Event: 118.801 GC heap after
{Heap after GC invocations=18 (full 0):
 garbage-first heap   total 121856K, used 54784K [0x00000000a2400000, 0x0000000100000000)
  region size 1024K, 8 young (8192K), 8 survivors (8192K)
 Metaspace       used 44842K, committed 45312K, reserved 1114112K
  class space    used 5143K, committed 5376K, reserved 1048576K
}

Dll operation events (14 events):
Event: 0.025 Loaded shared library C:\Program Files\Java\jdk-20\bin\java.dll
Event: 0.027 Loaded shared library C:\Program Files\Java\jdk-20\bin\zip.dll
Event: 0.049 Loaded shared library C:\Program Files\Java\jdk-20\bin\jsvml.dll
Event: 0.349 Loaded shared library C:\Program Files\Java\jdk-20\bin\instrument.dll
Event: 0.395 Loaded shared library C:\Program Files\Java\jdk-20\bin\zip.dll
Event: 0.412 Loaded shared library C:\Program Files\Java\jdk-20\bin\jimage.dll
Event: 0.501 Loaded shared library C:\Program Files\Java\jdk-20\bin\net.dll
Event: 0.505 Loaded shared library C:\Program Files\Java\jdk-20\bin\nio.dll
Event: 0.597 Loaded shared library D:\Program Files\IntelliJ IDEA 2023.3.2\bin\breakgen64.dll
Event: 0.636 Loaded shared library C:\Program Files\Java\jdk-20\bin\extnet.dll
Event: 1.490 Loaded shared library C:\Program Files\Java\jdk-20\bin\verify.dll
Event: 8.355 Loaded shared library C:\Program Files\Java\jdk-20\bin\sunmscapi.dll
Event: 119.224 Loaded shared library C:\Program Files\Java\jdk-20\bin\management.dll
Event: 119.232 Loaded shared library C:\Program Files\Java\jdk-20\bin\management_ext.dll

Deoptimization events (20 events):
Event: 119.008 Thread 0x000001d94715c5c0 Uncommon trap: trap_request=0xffffff45 fr.pc=0x000001d95890fa24 relative=0x0000000000000664
Event: 119.008 Thread 0x000001d94715c5c0 Uncommon trap: reason=unstable_if action=reinterpret pc=0x000001d95890fa24 method=java.lang.StringConcatHelper.stringOf(Ljava/lang/Object;)Ljava/lang/String; @ 1 c2
Event: 119.008 Thread 0x000001d94715c5c0 DEOPT PACKING pc=0x000001d95890fa24 sp=0x0000000b91efb170
Event: 119.008 Thread 0x000001d94715c5c0 DEOPT UNPACKING pc=0x000001d957ed9d22 sp=0x0000000b91efb0b0 mode 2
Event: 119.197 Thread 0x000001d94715c5c0 Uncommon trap: trap_request=0xffffff45 fr.pc=0x000001d95884ed24 relative=0x00000000000000a4
Event: 119.197 Thread 0x000001d94715c5c0 Uncommon trap: reason=unstable_if action=reinterpret pc=0x000001d95884ed24 method=java.net.URI.match(CJJ)Z @ 45 c2
Event: 119.197 Thread 0x000001d94715c5c0 DEOPT PACKING pc=0x000001d95884ed24 sp=0x0000000b91efa600
Event: 119.197 Thread 0x000001d94715c5c0 DEOPT UNPACKING pc=0x000001d957ed9d22 sp=0x0000000b91efa568 mode 2
Event: 125.693 Thread 0x000001d94715c5c0 Uncommon trap: trap_request=0xffffffde fr.pc=0x000001d95875ea2c relative=0x000000000000a14c
Event: 125.693 Thread 0x000001d94715c5c0 Uncommon trap: reason=class_check action=maybe_recompile pc=0x000001d95875ea2c method=org.jetbrains.coverage.org.objectweb.asm.ClassReader.readCode(Lorg/jetbrains/coverage/org/objectweb/asm/MethodVisitor;Lorg/jetbrains/coverage/org/objectweb/asm/Context;I
Event: 125.693 Thread 0x000001d94715c5c0 DEOPT PACKING pc=0x000001d95875ea2c sp=0x0000000b91ef80f0
Event: 125.693 Thread 0x000001d94715c5c0 DEOPT UNPACKING pc=0x000001d957ed9d22 sp=0x0000000b91ef80b0 mode 2
Event: 125.748 Thread 0x000001d94715c5c0 Uncommon trap: trap_request=0xffffff45 fr.pc=0x000001d9587eb838 relative=0x00000000000000b8
Event: 125.748 Thread 0x000001d94715c5c0 Uncommon trap: reason=unstable_if action=reinterpret pc=0x000001d9587eb838 method=java.lang.CharacterDataLatin1.isWhitespace(I)Z @ 14 c2
Event: 125.748 Thread 0x000001d94715c5c0 DEOPT PACKING pc=0x000001d9587eb838 sp=0x0000000b91efabe0
Event: 125.748 Thread 0x000001d94715c5c0 DEOPT UNPACKING pc=0x000001d957ed9d22 sp=0x0000000b91efaaa8 mode 2
Event: 125.748 Thread 0x000001d94715c5c0 Uncommon trap: trap_request=0xffffff45 fr.pc=0x000001d95867e794 relative=0x0000000000000094
Event: 125.748 Thread 0x000001d94715c5c0 Uncommon trap: reason=unstable_if action=reinterpret pc=0x000001d95867e794 method=java.lang.CharacterDataLatin1.isWhitespace(I)Z @ 14 c2
Event: 125.748 Thread 0x000001d94715c5c0 DEOPT PACKING pc=0x000001d95867e794 sp=0x0000000b91efab50
Event: 125.748 Thread 0x000001d94715c5c0 DEOPT UNPACKING pc=0x000001d957ed9d22 sp=0x0000000b91efaac0 mode 2

Classes loaded (20 events):
Event: 125.739 Loading class java/time/chrono/IsoEra
Event: 125.739 Loading class java/time/chrono/Era
Event: 125.740 Loading class java/time/chrono/Era done
Event: 125.740 Loading class java/time/chrono/IsoEra done
Event: 125.743 Loading class org/postgresql/hostchooser/GlobalHostStatusTracker
Event: 125.743 Loading class org/postgresql/hostchooser/GlobalHostStatusTracker done
Event: 125.744 Loading class org/postgresql/hostchooser/GlobalHostStatusTracker$HostSpecStatus
Event: 125.744 Loading class org/postgresql/hostchooser/GlobalHostStatusTracker$HostSpecStatus done
Event: 125.745 Loading class org/postgresql/core/Utils
Event: 125.745 Loading class org/postgresql/core/Utils done
Event: 125.747 Loading class org/postgresql/core/SetupQueryRunner
Event: 125.747 Loading class org/postgresql/core/SetupQueryRunner done
Event: 125.748 Loading class org/postgresql/core/SetupQueryRunner$SimpleResultHandler
Event: 125.748 Loading class org/postgresql/core/SetupQueryRunner$SimpleResultHandler done
Event: 125.749 Loading class org/postgresql/core/ResultHandlerBase
Event: 125.749 Loading class org/postgresql/core/ResultHandlerBase done
Event: 125.751 Loading class org/postgresql/core/v3/QueryExecutorImpl$4
Event: 125.751 Loading class org/postgresql/core/v3/QueryExecutorImpl$4 done
Event: 125.752 Loading class org/postgresql/core/v3/ExecuteRequest
Event: 125.752 Loading class org/postgresql/core/v3/ExecuteRequest done

Classes unloaded (1 events):
Event: 6.479 Thread 0x000001d965a2fff0 Unloading class 0x0000000801006c00 'java/lang/invoke/LambdaForm$DMH+0x0000000801006c00'

Classes redefined (0 events):
No events

Internal exceptions (20 events):
Event: 118.049 Thread 0x000001d94715c5c0 Exception <a 'java/lang/NoSuchMethodError'{0x00000000a7defc18}: 'int java.lang.invoke.Invokers$Holder.linkToTargetMethod(java.lang.Object, java.lang.Object)'> (0x00000000a7defc18) 
thrown [s\open\src\hotspot\share\interpreter\linkResolver.cpp, line 773]
Event: 118.131 Thread 0x000001d94715c5c0 Exception <a 'java/lang/NoSuchMethodError'{0x00000000a78448a0}: 'java.lang.Object java.lang.invoke.Invokers$Holder.invoke_MT(java.lang.Object, java.lang.Object, java.lang.Object, java.lang.Object, java.lang.Object, java.lang.Object, java.lang.Object, java.lang.Object, java.lang.Object, java.lang.Object)'> (0x00000000a78448a0) 
thrown [s\open\src\hotspot\share\interpreter\linkResolver.cpp, line 773]
Event: 118.142 Thread 0x000001d94715c5c0 Exception <a 'java/lang/NoSuchMethodError'{0x00000000a78b26a0}: 'java.lang.Object java.lang.invoke.DirectMethodHandle$Holder.invokeSpecial(java.lang.Object, java.lang.Object, int, java.lang.Object, java.lang.Object)'> (0x00000000a78b26a0) 
thrown [s\open\src\hotspot\share\interpreter\linkResolver.cpp, line 773]
Event: 118.142 Thread 0x000001d94715c5c0 Exception <a 'java/lang/NoSuchMethodError'{0x00000000a78b6630}: 'java.lang.Object java.lang.invoke.DelegatingMethodHandle$Holder.delegate(java.lang.Object, int, java.lang.Object, java.lang.Object)'> (0x00000000a78b6630) 
thrown [s\open\src\hotspot\share\interpreter\linkResolver.cpp, line 773]
Event: 118.145 Thread 0x000001d94715c5c0 Exception <a 'java/lang/NoSuchMethodError'{0x00000000a78c7118}: 'int java.lang.invoke.Invokers$Holder.linkToTargetMethod(java.lang.Object, java.lang.Object, java.lang.Object)'> (0x00000000a78c7118) 
thrown [s\open\src\hotspot\share\interpreter\linkResolver.cpp, line 773]
Event: 118.243 Thread 0x000001d94715c5c0 Exception <a 'java/lang/NoSuchMethodError'{0x00000000a7456840}: 'void java.lang.invoke.Invokers$Holder.invokeExact_MT(java.lang.Object, java.lang.Object, java.lang.Object)'> (0x00000000a7456840) 
thrown [s\open\src\hotspot\share\interpreter\linkResolver.cpp, line 773]
Event: 118.294 Thread 0x000001d94715c5c0 Exception <a 'java/lang/NoClassDefFoundError'{0x00000000a73c9978}: liquibase/integration/spring/SpringLiquibase> (0x00000000a73c9978) 
thrown [s\open\src\hotspot\share\classfile\systemDictionary.cpp, line 294]
Event: 118.337 Thread 0x000001d94715c5c0 Exception <a 'java/lang/NoClassDefFoundError'{0x00000000a71254c8}: org/jooq/DSLContext> (0x00000000a71254c8) 
thrown [s\open\src\hotspot\share\classfile\systemDictionary.cpp, line 294]
Event: 118.339 Thread 0x000001d94715c5c0 Exception <a 'java/lang/NoClassDefFoundError'{0x00000000a7130f10}: org/springframework/batch/core/repository/JobRepository> (0x00000000a7130f10) 
thrown [s\open\src\hotspot\share\classfile\systemDictionary.cpp, line 294]
Event: 118.339 Thread 0x000001d94715c5c0 Exception <a 'java/lang/NoClassDefFoundError'{0x00000000a7132cf0}: org/quartz/Scheduler> (0x00000000a7132cf0) 
thrown [s\open\src\hotspot\share\classfile\systemDictionary.cpp, line 294]
Event: 118.339 Thread 0x000001d94715c5c0 Exception <a 'java/lang/NoClassDefFoundError'{0x00000000a7135028}: org/springframework/session/jdbc/JdbcIndexedSessionRepository> (0x00000000a7135028) 
thrown [s\open\src\hotspot\share\classfile\systemDictionary.cpp, line 294]
Event: 118.481 Thread 0x000001d94715c5c0 Exception <a 'java/lang/NoSuchMethodError'{0x00000000a6c5c9d0}: 'void java.lang.invoke.DirectMethodHandle$Holder.invokeVirtual(java.lang.Object, java.lang.Object, int)'> (0x00000000a6c5c9d0) 
thrown [s\open\src\hotspot\share\interpreter\linkResolver.cpp, line 773]
Event: 118.483 Thread 0x000001d94715c5c0 Exception <a 'java/lang/NoSuchMethodError'{0x00000000a6c60bc8}: 'void java.lang.invoke.DirectMethodHandle$Holder.invokeSpecial(java.lang.Object, java.lang.Object, java.lang.Object, int)'> (0x00000000a6c60bc8) 
thrown [s\open\src\hotspot\share\interpreter\linkResolver.cpp, line 773]
Event: 118.483 Thread 0x000001d94715c5c0 Exception <a 'java/lang/NoSuchMethodError'{0x00000000a6c647e8}: 'void java.lang.invoke.DelegatingMethodHandle$Holder.reinvoke_L(java.lang.Object, java.lang.Object, int)'> (0x00000000a6c647e8) 
thrown [s\open\src\hotspot\share\interpreter\linkResolver.cpp, line 773]
Event: 118.659 Thread 0x000001d94715c5c0 Implicit null exception at 0x000001d958881719 to 0x000001d958882a3c
Event: 118.659 Thread 0x000001d94715c5c0 Implicit null exception at 0x000001d9588c0e4d to 0x000001d9588c17e0
Event: 118.660 Thread 0x000001d94715c5c0 Exception <a 'java/lang/NoSuchMethodError'{0x00000000a66d5ad8}: 'java.lang.reflect.Field[] java.lang.Class.getDeclaredFields(java.lang.Class)'> (0x00000000a66d5ad8) 
thrown [s\open\src\hotspot\share\interpreter\linkResolver.cpp, line 773]
Event: 118.767 Thread 0x000001d94715c5c0 Exception <a 'java/lang/NoSuchMethodError'{0x00000000a5edd638}: 'java.lang.Object java.lang.invoke.DirectMethodHandle$Holder.invokeVirtual(java.lang.Object, java.lang.Object, java.lang.Object, java.lang.Object, java.lang.Object, java.lang.Object, java.lang.Object, java.lang.Object, java.lang.Object, java.lang.Object)'> (0x00000000a5edd638) 
thrown [s\open\src\hotspot\share\interpreter\linkResolver.cpp, line 773]
Event: 119.062 Thread 0x000001d94715c5c0 Exception <a 'java/lang/NoSuchMethodError'{0x00000000a8e6d518}: method resolution failed> (0x00000000a8e6d518) 
thrown [s\open\src\hotspot\share\prims\methodHandles.cpp, line 1260]
Event: 119.116 Thread 0x000001d94715c5c0 Exception <a 'java/lang/NoSuchMethodError'{0x00000000a8c9d080}: 'int java.lang.invoke.DirectMethodHandle$Holder.invokeStaticInit(java.lang.Object, java.lang.Object, java.lang.Object, java.lang.Object)'> (0x00000000a8c9d080) 
thrown [s\open\src\hotspot\share\interpreter\linkResolver.cpp, line 773]

VM Operations (20 events):
Event: 117.505 Executing VM operation: HandshakeAllThreads
Event: 117.505 Executing VM operation: HandshakeAllThreads done
Event: 117.697 Executing VM operation: HandshakeAllThreads
Event: 117.697 Executing VM operation: HandshakeAllThreads done
Event: 118.056 Executing VM operation: HandshakeAllThreads
Event: 118.057 Executing VM operation: HandshakeAllThreads done
Event: 118.253 Executing VM operation: ICBufferFull
Event: 118.253 Executing VM operation: ICBufferFull done
Event: 118.380 Executing VM operation: HandshakeAllThreads
Event: 118.380 Executing VM operation: HandshakeAllThreads done
Event: 118.749 Executing VM operation: ICBufferFull
Event: 118.750 Executing VM operation: ICBufferFull done
Event: 118.781 Executing VM operation: G1CollectForAllocation
Event: 118.801 Executing VM operation: G1CollectForAllocation done
Event: 119.813 Executing VM operation: Cleanup
Event: 119.813 Executing VM operation: Cleanup done
Event: 122.837 Executing VM operation: Cleanup
Event: 122.837 Executing VM operation: Cleanup done
Event: 124.850 Executing VM operation: Cleanup
Event: 124.850 Executing VM operation: Cleanup done

Events (20 events):
Event: 12.594 Thread 0x000001d965a2fff0 flushing nmethod 0x000001d9585d6410
Event: 12.594 Thread 0x000001d965a2fff0 flushing nmethod 0x000001d9585ccc10
Event: 12.594 Thread 0x000001d965a2fff0 flushing nmethod 0x000001d9585ca710
Event: 12.594 Thread 0x000001d965a2fff0 flushing nmethod 0x000001d9585c1410
Event: 12.594 Thread 0x000001d965a2fff0 flushing nmethod 0x000001d9585c0010
Event: 19.103 Thread 0x000001d96df54b50 Thread added: 0x000001d96df54b50
Event: 19.103 Thread 0x000001d96df500f0 Thread added: 0x000001d96df500f0
Event: 19.104 Thread 0x000001d96df500f0 Thread exited: 0x000001d96df500f0
Event: 19.108 Thread 0x000001d96df575d0 Thread added: 0x000001d96df575d0
Event: 19.329 Thread 0x000001d96df54b50 Thread exited: 0x000001d96df54b50
Event: 19.334 Thread 0x000001d96df575d0 Thread exited: 0x000001d96df575d0
Event: 63.564 Thread 0x000001d96df575d0 Thread added: 0x000001d96df575d0
Event: 65.748 Thread 0x000001d96df56090 Thread added: 0x000001d96df56090
Event: 65.756 Thread 0x000001d96df52b70 Thread added: 0x000001d96df52b70
Event: 65.761 Thread 0x000001d96df575d0 Thread exited: 0x000001d96df575d0
Event: 65.784 Thread 0x000001d96df54600 Thread added: 0x000001d96df54600
Event: 112.365 Thread 0x000001d96df565e0 Thread added: 0x000001d96df565e0
Event: 115.246 Thread 0x000001d96df565e0 Thread exited: 0x000001d96df565e0
Event: 116.558 Thread 0x000001d96df57080 Thread added: 0x000001d96df57080
Event: 116.605 Thread 0x000001d96df57080 Thread exited: 0x000001d96df57080


Dynamic libraries:
0x00007ff756050000 - 0x00007ff756060000 	C:\Program Files\Java\jdk-20\bin\java.exe
0x00007ffc9e610000 - 0x00007ffc9e808000 	C:\Windows\SYSTEM32\ntdll.dll
0x00007ffc9cf40000 - 0x00007ffc9cffd000 	C:\Windows\System32\KERNEL32.DLL
0x00007ffc9c190000 - 0x00007ffc9c486000 	C:\Windows\System32\KERNELBASE.dll
0x00007ffc9c540000 - 0x00007ffc9c640000 	C:\Windows\System32\ucrtbase.dll
0x00007ffc76c70000 - 0x00007ffc76c8b000 	C:\Program Files\Java\jdk-20\bin\VCRUNTIME140.dll
0x00007ffc75e00000 - 0x00007ffc75e19000 	C:\Program Files\Java\jdk-20\bin\jli.dll
0x00007ffc9cdb0000 - 0x00007ffc9ce60000 	C:\Windows\System32\ADVAPI32.dll
0x00007ffc9d0e0000 - 0x00007ffc9d17e000 	C:\Windows\System32\msvcrt.dll
0x00007ffc9dfd0000 - 0x00007ffc9e070000 	C:\Windows\System32\sechost.dll
0x00007ffc9d340000 - 0x00007ffc9d465000 	C:\Windows\System32\RPCRT4.dll
0x00007ffc9be10000 - 0x00007ffc9be37000 	C:\Windows\System32\bcrypt.dll
0x00007ffc9d490000 - 0x00007ffc9d62e000 	C:\Windows\System32\USER32.dll
0x00007ffc7e080000 - 0x00007ffc7e31a000 	C:\Windows\WinSxS\amd64_microsoft.windows.common-controls_6595b64144ccf1df_6.0.19041.3636_none_60b6a03d71f818d5\COMCTL32.dll
0x00007ffc9bde0000 - 0x00007ffc9be02000 	C:\Windows\System32\win32u.dll
0x00007ffc9d0b0000 - 0x00007ffc9d0db000 	C:\Windows\System32\GDI32.dll
0x00007ffc9bcc0000 - 0x00007ffc9bdd7000 	C:\Windows\System32\gdi32full.dll
0x00007ffc9c0f0000 - 0x00007ffc9c18d000 	C:\Windows\System32\msvcp_win.dll
0x00007ffc92dc0000 - 0x00007ffc92dca000 	C:\Windows\SYSTEM32\VERSION.dll
0x00007ffc9d070000 - 0x00007ffc9d0a2000 	C:\Windows\System32\IMM32.DLL
0x00007ffc88110000 - 0x00007ffc8811c000 	C:\Program Files\Java\jdk-20\bin\vcruntime140_1.dll
0x00007ffc6bfe0000 - 0x00007ffc6c06e000 	C:\Program Files\Java\jdk-20\bin\msvcp140.dll
0x00007ffc3ede0000 - 0x00007ffc3fa77000 	C:\Program Files\Java\jdk-20\bin\server\jvm.dll
0x00007ffc8ad50000 - 0x00007ffc8ad77000 	C:\Windows\SYSTEM32\WINMM.dll
0x00007ffc8d2e0000 - 0x00007ffc8d2e9000 	C:\Windows\SYSTEM32\WSOCK32.dll
0x00007ffc9db40000 - 0x00007ffc9dbab000 	C:\Windows\System32\WS2_32.dll
0x00007ffc99b30000 - 0x00007ffc99b42000 	C:\Windows\SYSTEM32\kernel.appcore.dll
0x00007ffc87070000 - 0x00007ffc8707a000 	C:\Program Files\Java\jdk-20\bin\jimage.dll
0x00007ffc8fb60000 - 0x00007ffc8fd44000 	C:\Windows\SYSTEM32\DBGHELP.DLL
0x00007ffc8f8f0000 - 0x00007ffc8f924000 	C:\Windows\SYSTEM32\dbgcore.DLL
0x00007ffc9bfa0000 - 0x00007ffc9c022000 	C:\Windows\System32\bcryptPrimitives.dll
0x00007ffc7f790000 - 0x00007ffc7f79e000 	C:\Program Files\Java\jdk-20\bin\instrument.dll
0x00007ffc700a0000 - 0x00007ffc700c6000 	C:\Program Files\Java\jdk-20\bin\java.dll
0x00007ffc72470000 - 0x00007ffc72488000 	C:\Program Files\Java\jdk-20\bin\zip.dll
0x00007ffc65570000 - 0x00007ffc65647000 	C:\Program Files\Java\jdk-20\bin\jsvml.dll
0x00007ffc9c640000 - 0x00007ffc9cdab000 	C:\Windows\System32\SHELL32.dll
0x00007ffc99d30000 - 0x00007ffc9a4ce000 	C:\Windows\SYSTEM32\windows.storage.dll
0x00007ffc9e0f0000 - 0x00007ffc9e443000 	C:\Windows\System32\combase.dll
0x00007ffc9b540000 - 0x00007ffc9b56e000 	C:\Windows\SYSTEM32\Wldp.dll
0x00007ffc9dda0000 - 0x00007ffc9de6d000 	C:\Windows\System32\OLEAUT32.dll
0x00007ffc9de70000 - 0x00007ffc9df1d000 	C:\Windows\System32\SHCORE.dll
0x00007ffc9dbb0000 - 0x00007ffc9dc05000 	C:\Windows\System32\shlwapi.dll
0x00007ffc9bbf0000 - 0x00007ffc9bc15000 	C:\Windows\SYSTEM32\profapi.dll
0x00007ffc72b70000 - 0x00007ffc72b83000 	C:\Program Files\Java\jdk-20\bin\net.dll
0x00007ffc94d30000 - 0x00007ffc94e3a000 	C:\Windows\SYSTEM32\WINHTTP.dll
0x00007ffc9b320000 - 0x00007ffc9b38a000 	C:\Windows\system32\mswsock.dll
0x00007ffc72b50000 - 0x00007ffc72b66000 	C:\Program Files\Java\jdk-20\bin\nio.dll
0x00007ffc7f0a0000 - 0x00007ffc7f0ba000 	D:\Program Files\IntelliJ IDEA 2023.3.2\bin\breakgen64.dll
0x00007ffc81cc0000 - 0x00007ffc81cc7000 	C:\Program Files\Java\jdk-20\bin\extnet.dll
0x00007ffc80fa0000 - 0x00007ffc80fb0000 	C:\Program Files\Java\jdk-20\bin\verify.dll
0x00007ffc9b580000 - 0x00007ffc9b598000 	C:\Windows\SYSTEM32\CRYPTSP.dll
0x00007ffc9ac70000 - 0x00007ffc9aca4000 	C:\Windows\system32\rsaenh.dll
0x00007ffc9bbb0000 - 0x00007ffc9bbde000 	C:\Windows\SYSTEM32\USERENV.dll
0x00007ffc9b4b0000 - 0x00007ffc9b4bc000 	C:\Windows\SYSTEM32\CRYPTBASE.dll
0x00007ffc9b030000 - 0x00007ffc9b06b000 	C:\Windows\SYSTEM32\IPHLPAPI.DLL
0x00007ffc9d330000 - 0x00007ffc9d338000 	C:\Windows\System32\NSI.dll
0x00007ffc95be0000 - 0x00007ffc95bf7000 	C:\Windows\SYSTEM32\dhcpcsvc6.DLL
0x00007ffc95bc0000 - 0x00007ffc95bdd000 	C:\Windows\SYSTEM32\dhcpcsvc.DLL
0x00007ffc9b070000 - 0x00007ffc9b13b000 	C:\Windows\SYSTEM32\DNSAPI.dll
0x00007ffc94250000 - 0x00007ffc9425a000 	C:\Windows\System32\rasadhlp.dll
0x00007ffc943b0000 - 0x00007ffc94430000 	C:\Windows\System32\fwpuclnt.dll
0x00007ffc7fbf0000 - 0x00007ffc7fbfe000 	C:\Program Files\Java\jdk-20\bin\sunmscapi.dll
0x00007ffc9be40000 - 0x00007ffc9bf9d000 	C:\Windows\System32\CRYPT32.dll
0x00007ffc9b690000 - 0x00007ffc9b6b8000 	C:\Windows\SYSTEM32\ncrypt.dll
0x00007ffc9b650000 - 0x00007ffc9b68b000 	C:\Windows\SYSTEM32\NTASN1.dll
0x00007ffc96bb0000 - 0x00007ffc96bba000 	C:\Program Files\Java\jdk-20\bin\management.dll
0x00007ffc804e0000 - 0x00007ffc804eb000 	C:\Program Files\Java\jdk-20\bin\management_ext.dll
0x00007ffc9d060000 - 0x00007ffc9d068000 	C:\Windows\System32\PSAPI.DLL

dbghelp: loaded successfully - version: 4.0.5 - missing functions: none
symbol engine: initialized successfully - sym options: 0x614 - pdb path: .;C:\Program Files\Java\jdk-20\bin;C:\Windows\SYSTEM32;C:\Windows\WinSxS\amd64_microsoft.windows.common-controls_6595b64144ccf1df_6.0.19041.3636_none_60b6a03d71f818d5;C:\Program Files\Java\jdk-20\bin\server;D:\Program Files\IntelliJ IDEA 2023.3.2\bin

VM Arguments:
jvm_args: -ea -javaagent:C:\Users\Maxim\AppData\Local\JetBrains\IntelliJIdea2023.3\testAgent\intellij-coverage-agent-1.0.738.jar=C:\Users\Maxim\AppData\Local\Temp\coverage1args -Didea.test.cyclic.buffer.size=1048576 -javaagent:D:\Program Files\IntelliJ IDEA 2023.3.2\lib\idea_rt.jar=60982:D:\Program Files\IntelliJ IDEA 2023.3.2\bin -Dfile.encoding=UTF-8 -Dsun.stdout.encoding=UTF-8 -Dsun.stderr.encoding=UTF-8 
java_command: com.intellij.rt.junit.JUnitStarter -ideVersion5 -junit5 @w@C:\Users\Maxim\AppData\Local\Temp\idea_working_dirs_junit.tmp @C:\Users\Maxim\AppData\Local\Temp\idea_junit.tmp -socket60981
java_class_path (initial): C:\Users\Maxim\.m2\repository\org\junit\platform\junit-platform-launcher\1.10.2\junit-platform-launcher-1.10.2.jar;C:\Users\Maxim\.m2\repository\org\junit\vintage\junit-vintage-engine\5.10.2\junit-vintage-engine-5.10.2.jar;D:\Program Files\IntelliJ IDEA 2023.3.2\lib\idea_rt.jar;D:\Program Files\IntelliJ IDEA 2023.3.2\plugins\junit\lib\junit5-rt.jar;D:\Program Files\IntelliJ IDEA 2023.3.2\plugins\junit\lib\junit-rt.jar;D:\JavaProjects\hsse-tech-backend\target\test-classes;D:\JavaProjects\hsse-tech-backend\target\classes;C:\Users\Maxim\.m2\repository\org\junit\jupiter\junit-jupiter\5.10.2\junit-jupiter-5.10.2.jar;C:\Users\Maxim\.m2\repository\org\junit\jupiter\junit-jupiter-api\5.10.2\junit-jupiter-api-5.10.2.jar;C:\Users\Maxim\.m2\repository\org\opentest4j\opentest4j\1.3.0\opentest4j-1.3.0.jar;C:\Users\Maxim\.m2\repository\org\junit\platform\junit-platform-commons\1.10.2\junit-platform-commons-1.10.2.jar;C:\Users\Maxim\.m2\repository\org\apiguardian\apiguardian-api\1.1.2\apiguardian-api-1.1.2.jar;C:\Users\Maxim\.m2\repository\org\junit\jupiter\junit-jupiter-params\5.10.2\junit-jupiter-params-5.10.2.jar;C:\Users\Maxim\.m2\repository\org\junit\jupiter\junit-jupiter-engine\5.10.2\junit-jupiter-engine-5.10.2.jar;C:\Users\Maxim\.m2\repository\org\junit\platform\junit-platform-engine\1.10.2\junit-platform-engine-1.10.2.jar;C:\Users\Maxim\.m2\repository\org\springframework\boot\spring-boot-starter-actuator\3.2.3\spring-boot-starter-actuator-3.2.3.jar;C:\Users\Maxim\.m2\repository\org\springframework\boot\spring-boot-starter\3.2.3\spring-boot-starter-3.2.3.jar;C:\Users\Maxim\.m2\repository\org\springframework\boot\spring-boot\3.2.3\spring-boot-3.2.3.jar;C:\Users\Maxim\.m2\repository\org\springframework\boot\spring-boot-starter-logging\3.2.3\spring-boot-starter-logging-3.2.3.jar;C:\Users\Maxim\.m2\repository\ch\qos\logback\logback-classic\1.4.14\logback-classic-1.4.14.jar;C:\Users\Maxim\.m2\repository\ch\qos\logback\logback-core\1.4.14\logback-core-1.4.14.jar;C:\Users\Maxim\.m2\repository\org\apache\logging\log4j\log4j-to-slf4j\2.21.1\log4j-to-slf4j-2.21.1.jar;C:\Users\Maxim\.m2\repository\org\apache\logging\log4j\log4j-api\2.21.1\log4j-api-2.21.1.jar;C:\Users\Maxim\.m2\repository\org\slf4j\jul-to-slf4j\2.0.12\jul-to-slf4j-2.0.12.jar;C:\Users\Maxim\.m2\repository\jakarta\annotation\jakarta.annotation-api\2.1.1\jakarta.annotation-api-2.1.1.jar;C:\Users\Maxim\.m2\repository\org\yaml\snakeyaml\2.2\snakeyaml-2.2.jar;C:\Users\Maxim\.m2\repository\org\springframework\boot\spring-boot-actuator-autoconfigure\3.2.3\spring-boot-actuator-autoconfigure-3.2.3.jar;C:\Users\Maxim\.m2\repository\org\springframework\boot\spring-boot-actuator\3.2.3\spring-boot-actuator-3.2.3.jar;C:\Users\Maxim\.m2\repository\com\fasterxml\jackson\core\jackson-databind\2.15.4\jackson-databind-2.15.4.jar;C:\Users\Maxim\.m2\repository\com\fasterxml\jackson\core\jackson-annotations\2.15.4\jackson-annotations-2.15.4.jar;C:\Users\Maxim\.m2\repository\com\fasterxml\jackson\datatype\jackson-datatype-jsr310\2.15.4\jackson-datatype-jsr310-2.15.4.jar;C:\Users\Maxim\.m2\repository\io\micrometer\micrometer-observation\1.12.3\micrometer-observation-1.12.3.jar;C:\Users\Maxim\.m2\repository\io\micrometer\micrometer-commons\1.12.3\micrometer-commons-1.12.3.jar;C:\Users\Maxim\.m2\repository\io\micrometer\micrometer-jakarta9\1.12.3\micrometer-jakarta9-1.12.3.jar;C:\Users\Maxim\.m2\repository\io\micrometer\micrometer-core\1.12.3\micrometer-core-1.12.3.jar;C:\Users\Maxim\.m2\repository\org\hdrhistogram\HdrHistogram\2.1.12\HdrHistogram-2.1.12.jar;C:\Users\Maxim\.m2\repository\org\latencyutils\LatencyUtils\2.0.3\LatencyUtils-2.0.3.jar;C:\Users\Maxim\.m2\repository\org\springframework\boot\spring-boot-starter-data-jpa\3.2.3\spring-boot-starter-data-jpa-3.2.3.jar;C:\Users\Maxim\.m2\repository\org\springframework\boot\spring-boot-starter-aop\3.2.3\spring-boot-starter-aop-3.2.3.jar;C:\Users\Maxim\.m2\repository\org\springframework\spring-aop\6.1.4\spring-aop-6.1.4.jar;C:\Users\Maxim\.m2\repository\org\aspectj\aspectjweaver\1.9.21\aspectjweaver-1.9.21.jar;C:\Users\Maxim\.m2\repository\org\springframework\boot\spring-boot-starter-jdbc\3.2.3\spring-boot-starter-jdbc-3.2.3.jar;C:\Users\Maxim\.m2\repository\com\zaxxer\HikariCP\5.0.1\HikariCP-5.0.1.jar;C:\Users\Maxim\.m2\repository\org\springframework\spring-jdbc\6.1.4\spring-jdbc-6.1.4.jar;C:\Users\Maxim\.m2\repository\org\hibernate\orm\hibernate-core\6.4.4.Final\hibernate-core-6.4.4.Final.jar;C:\Users\Maxim\.m2\repository\jakarta\persistence\jakarta.persistence-api\3.1.0\jakarta.persistence-api-3.1.0.jar;C:\Users\Maxim\.m2\repository\jakarta\transaction\jakarta.transaction-api\2.0.1\jakarta.transaction-api-2.0.1.jar;C:\Users\Maxim\.m2\repository\org\jboss\logging\jboss-logging\3.5.3.Final\jboss-logging-3.5.3.Final.jar;C:\Users\Maxim\.m2\repository\org\hibernate\common\hibernate-commons-annotations\6.0.6.Final\hibernate-commons-annotations-6.0.6.Final.jar;C:\Users\Maxim\.m2\repository\io\smallrye\jandex\3.1.2\jandex-3.1.2.jar;C:\Users\Maxim\.m2\repository\com\fasterxml\classmate\1.6.0\classmate-1.6.0.jar;C:\Users\Maxim\.m2\repository\net\bytebuddy\byte-buddy\1.14.12\byte-buddy-1.14.12.jar;C:\Users\Maxim\.m2\repository\org\glassfish\jaxb\jaxb-runtime\4.0.4\jaxb-runtime-4.0.4.jar;C:\Users\Maxim\.m2\repository\org\glassfish\jaxb\jaxb-core\4.0.4\jaxb-core-4.0.4.jar;C:\Users\Maxim\.m2\repository\org\eclipse\angus\angus-activation\2.0.1\angus-activation-2.0.1.jar;C:\Users\Maxim\.m2\repository\org\glassfish\jaxb\txw2\4.0.4\txw2-4.0.4.jar;C:\Users\Maxim\.m2\repository\com\sun\istack\istack-commons-runtime\4.1.2\istack-commons-runtime-4.1.2.jar;C:\Users\Maxim\.m2\repository\jakarta\inject\jakarta.inject-api\2.0.1\jakarta.inject-api-2.0.1.jar;C:\Users\Maxim\.m2\repository\org\antlr\antlr4-runtime\4.13.0\antlr4-runtime-4.13.0.jar;C:\Users\Maxim\.m2\repository\org\springframework\data\spring-data-jpa\3.2.3\spring-data-jpa-3.2.3.jar;C:\Users\Maxim\.m2\repository\org\springframework\data\spring-data-commons\3.2.3\spring-data-commons-3.2.3.jar;C:\Users\Maxim\.m2\repository\org\springframework\spring-orm\6.1.4\spring-orm-6.1.4.jar;C:\Users\Maxim\.m2\repository\org\springframework\spring-context\6.1.4\spring-context-6.1.4.jar;C:\Users\Maxim\.m2\repository\org\springframework\spring-tx\6.1.4\spring-tx-6.1.4.jar;C:\Users\Maxim\.m2\repository\org\springframework\spring-beans\6.1.4\spring-beans-6.1.4.jar;C:\Users\Maxim\.m2\repository\org\springframework\spring-aspects\6.1.4\spring-aspects-6.1.4.jar;C:\Users\Maxim\.m2\repository\org\springframework\boot\spring-boot-starter-web\3.2.3\spring-boot-starter-web-3.2.3.jar;C:\Users\Maxim\.m2\repository\org\springframework\boot\spring-boot-starter-json\3.2.3\spring-boot-starter-json-3.2.3.jar;C:\Users\Maxim\.m2\repository\com\fasterxml\jackson\datatype\jackson-datatype-jdk8\2.15.4\jackson-datatype-jdk8-2.15.4.jar;C:\Users\Maxim\.m2\repository\com\fasterxml\jackson\module\jackson-module-parameter-names\2.15.4\jackson-module-parameter-names-2.15.4.jar;C:\Users\Maxim\.m2\repository\org\springframework\boot\spring-boot-starter-tomcat\3.2.3\spring-boot-starter-tomcat-3.2.3.jar;C:\Users\Maxim\.m2\repository\org\apache\tomcat\embed\tomcat-embed-core\10.1.19\tomcat-embed-core-10.1.19.jar;C:\Users\Maxim\.m2\repository\org\apache\tomcat\embed\tomcat-embed-websocket\10.1.19\tomcat-embed-websocket-10.1.19.jar;C:\Users\Maxim\.m2\repository\org\springframework\spring-web\6.1.4\spring-web-6.1.4.jar;C:\Users\Maxim\.m2\repository\org\springframework\spring-webmvc\6.1.4\spring-webmvc-6.1.4.jar;C:\Users\Maxim\.m2\repository\org\springframework\spring-expression\6.1.4\spring-expression-6.1.4.jar;C:\Users\Maxim\.m2\repository\org\apache\httpcomponents\client5\httpclient5\5.2.3\httpclient5-5.2.3.jar;C:\Users\Maxim\.m2\repository\org\apache\httpcomponents\core5\httpcore5\5.2.4\httpcore5-5.2.4.jar;C:\Users\Maxim\.m2\repository\org\apache\httpcomponents\core5\httpcore5-h2\5.2.4\httpcore5-h2-5.2.4.jar;C:\Users\Maxim\.m2\repository\org\slf4j\slf4j-api\2.0.12\slf4j-api-2.0.12.jar;C:\Users\Maxim\.m2\repository\org\springframework\boot\spring-boot-starter-validation\3.2.3\spring-boot-starter-validation-3.2.3.jar;C:\Users\Maxim\.m2\repository\org\apache\tomcat\embed\tomcat-embed-el\10.1.19\tomcat-embed-el-10.1.19.jar;C:\Users\Maxim\.m2\repository\org\hibernate\validator\hibernate-validator\8.0.1.Final\hibernate-validator-8.0.1.Final.jar;C:\Users\Maxim\.m2\repository\jakarta\validation\jakarta.validation-api\3.0.2\jakarta.validation-api-3.0.2.jar;C:\Users\Maxim\.m2\repository\org\flywaydb\flyway-core\9.22.3\flyway-core-9.22.3.jar;C:\Users\Maxim\.m2\repository\com\fasterxml\jackson\dataformat\jackson-dataformat-toml\2.15.4\jackson-dataformat-toml-2.15.4.jar;C:\Users\Maxim\.m2\repository\com\fasterxml\jackson\core\jackson-core\2.15.4\jackson-core-2.15.4.jar;C:\Users\Maxim\.m2\repository\com\google\code\gson\gson\2.10.1\gson-2.10.1.jar;C:\Users\Maxim\.m2\repository\org\postgresql\postgresql\42.6.1\postgresql-42.6.1.jar;C:\Users\Maxim\.m2\repository\org\checkerframework\checker-qual\3.31.0\checker-qual-3.31.0.jar;C:\Users\Maxim\.m2\repository\org\springframework\boot\spring-boot-starter-test\3.2.3\spring-boot-starter-test-3.2.3.jar;C:\Users\Maxim\.m2\repository\org\springframework\boot\spring-boot-test\3.2.3\spring-boot-test-3.2.3.jar;C:\Users\Maxim\.m2\repository\org\springframework\boot\spring-boot-test-autoconfigure\3.2.3\spring-boot-test-autoconfigure-3.2.3.jar;C:\Users\Maxim\.m2\repository\com\jayway\jsonpath\json-path\2.9.0\json-path-2.9.0.jar;C:\Users\Maxim\.m2\repository\jakarta\xml\bind\jakarta.xml.bind-api\4.0.1\jakarta.xml.bind-api-4.0.1.jar;C:\Users\Maxim\.m2\repository\jakarta\activation\jakarta.activation-api\2.1.2\jakarta.activation-api-2.1.2.jar;C:\Users\Maxim\.m2\repository\net\minidev\json-smart\2.5.0\json-smart-2.5.0.jar;C:\Users\Maxim\.m2\repository\net\minidev\accessors-smart\2.5.0\accessors-smart-2.5.0.jar;C:\Users\Maxim\.m2\repository\org\ow2\asm\asm\9.3\asm-9.3.jar;C:\Users\Maxim\.m2\repository\org\assertj\assertj-core\3.24.2\assertj-core-3.24.2.jar;C:\Users\Maxim\.m2\repository\org\awaitility\awaitility\4.2.0\awaitility-4.2.0.jar;C:\Users\Maxim\.m2\repository\org\hamcrest\hamcrest\2.2\hamcrest-2.2.jar;C:\Users\Maxim\.m2\repository\org\mockito\mockito-core\5.7.0\mockito-core-5.7.0.jar;C:\Users\Maxim\.m2\repository\net\bytebuddy\byte-buddy-agent\1.14.12\byte-buddy-agent-1.14.12.jar;C:\Users\Maxim\.m2\repository\org\objenesis\objenesis\3.3\objenesis-3.3.jar;C:\Users\Maxim\.m2\repository\org\mockito\mockito-junit-jupiter\5.7.0\mockito-junit-jupiter-5.7.0.jar;C:\Users\Maxim\.m2\repository\org\skyscreamer\jsonassert\1.5.1\jsonassert-1.5.1.jar;C:\Users\Maxim\.m2\repository\com\vaadin\external\google\android-json\0.0.20131108.vaadin1\android-json-0.0.20131108.vaadin1.jar;C:\Users\Maxim\.m2\repository\org\springframework\spring-core\6.1.4\spring-core-6.1.4.jar;C:\Users\Maxim\.m2\repository\org\springframework\spring-jcl\6.1.4\spring-jcl-6.1.4.jar;C:\Users\Maxim\.m2\repository\org\springframework\spring-test\6.1.4\spring-test-6.1.4.jar;C:\Users\Maxim\.m2\repository\org\xmlunit\xmlunit-core\2.9.1\xmlunit-core-2.9.1.jar;C:\Users\Maxim\.m2\repository\org\springframework\boot\spring-boot-testcontainers\3.2.3\spring-boot-testcontainers-3.2.3.jar;C:\Users\Maxim\.m2\repository\org\springframework\boot\spring-boot-autoconfigure\3.2.3\spring-boot-autoconfigure-3.2.3.jar;C:\Users\Maxim\.m2\repository\org\testcontainers\testcontainers\1.19.5\testcontainers-1.19.5.jar;C:\Users\Maxim\.m2\repository\junit\junit\4.13.2\junit-4.13.2.jar;C:\Users\Maxim\.m2\repository\org\hamcrest\hamcrest-core\2.2\hamcrest-core-2.2.jar;C:\Users\Maxim\.m2\repository\org\apache\commons\commons-compress\1.24.0\commons-compress-1.24.0.jar;C:\Users\Maxim\.m2\repository\org\rnorth\duct-tape\duct-tape\1.0.8\duct-tape-1.0.8.jar;C:\Users\Maxim\.m2\repository\org\jetbrains\annotations\17.0.0\annotations-17.0.0.jar;C:\Users\Maxim\.m2\repository\com\github\docker-java\docker-java-api\3.3.4\docker-java-api-3.3.4.jar;C:\Users\Maxim\.m2\repository\com\github\docker-java\docker-java-transport-zerodep\3.3.4\docker-java-transport-zerodep-3.3.4.jar;C:\Users\Maxim\.m2\repository\com\github\docker-java\docker-java-transport\3.3.4\docker-java-transport-3.3.4.jar;C:\Users\Maxim\.m2\repository\net\java\dev\jna\jna\5.13.0\jna-5.13.0.jar;C:\Users\Maxim\.m2\repository\org\springframework\security\spring-security-test\6.2.2\spring-security-test-6.2.2.jar;C:\Users\Maxim\.m2\repository\org\springframework\security\spring-security-core\6.2.2\spring-security-core-6.2.2.jar;C:\Users\Maxim\.m2\repository\org\springframework\security\spring-security-crypto\6.2.2\spring-security-crypto-6.2.2.jar;C:\Users\Maxim\.m2\repository\org\springframework\security\spring-security-web\6.2.2\spring-security-web-6.2.2.jar;C:\Users\Maxim\.m2\repository\org\testcontainers\junit-jupiter\1.19.5\junit-jupiter-1.19.5.jar;C:\Users\Maxim\.m2\repository\org\testcontainers\postgresql\1.19.5\postgresql-1.19.5.jar;C:\Users\Maxim\.m2\repository\org\testcontainers\jdbc\1.19.5\jdbc-1.19.5.jar;C:\Users\Maxim\.m2\repository\org\testcontainers\database-commons\1.19.5\database-commons-1.19.5.jar;C:\Users\Maxim\.m2\repository\org\projectlombok\lombok\1.18.30\lombok-1.18.30.jar;C:\Users\Maxim\.m2\repository\com\google\zxing\core\3.3.0\core-3.3.0.jar;C:\Users\Maxim\.m2\repository\com\google\zxing\javase\3.3.0\javase-3.3.0.jar;C:\Users\Maxim\.m2\repository\com\beust\jcommander\1.48\jcommander-1.48.jar;C:\Users\Maxim\.m2\repository\com\github\jai-imageio\jai-imageio-core\1.3.1\jai-imageio-core-1.3.1.jar
Launcher Type: SUN_STANDARD

[Global flags]
     intx CICompilerCount                          = 12                                        {product} {ergonomic}
     uint ConcGCThreads                            = 3                                         {product} {ergonomic}
     uint G1ConcRefinementThreads                  = 13                                        {product} {ergonomic}
   size_t G1HeapRegionSize                         = 1048576                                   {product} {ergonomic}
    uintx GCDrainStackTargetSize                   = 64                                        {product} {ergonomic}
   size_t InitialHeapSize                          = 98566144                                  {product} {ergonomic}
   size_t MarkStackSize                            = 4194304                                   {product} {ergonomic}
   size_t MaxHeapSize                              = 1572864000                                {product} {ergonomic}
   size_t MaxNewSize                               = 943718400                                 {product} {ergonomic}
   size_t MinHeapDeltaBytes                        = 1048576                                   {product} {ergonomic}
   size_t MinHeapSize                              = 8388608                                   {product} {ergonomic}
    uintx NonNMethodCodeHeapSize                   = 7602480                                {pd product} {ergonomic}
    uintx NonProfiledCodeHeapSize                  = 122027880                              {pd product} {ergonomic}
    uintx ProfiledCodeHeapSize                     = 122027880                              {pd product} {ergonomic}
    uintx ReservedCodeCacheSize                    = 251658240                              {pd product} {ergonomic}
     bool SegmentedCodeCache                       = true                                      {product} {ergonomic}
   size_t SoftMaxHeapSize                          = 1572864000                             {manageable} {ergonomic}
     bool UseCompressedClassPointers               = true                           {product lp64_product} {ergonomic}
     bool UseCompressedOops                        = true                           {product lp64_product} {ergonomic}
     bool UseG1GC                                  = true                                      {product} {ergonomic}
     bool UseLargePagesIndividualAllocation        = false                                  {pd product} {ergonomic}

Logging:
Log output configuration:
 #0: stdout all=warning uptime,level,tags foldmultilines=false
 #1: stderr all=off uptime,level,tags foldmultilines=false

Environment Variables:
JAVA_HOME=C:\ProgramFiles\Java\jdk-20
PATH=C:\Program Files (x86)\Common Files\Oracle\Java\javapath;C:\Program Files (x86)\NVIDIA Corporation\PhysX\Common;C:\Windows\system32;C:\Windows;C:\Windows\System32\Wbem;C:\Windows\System32\WindowsPowerShell\v1.0\;C:\Windows\System32\OpenSSH\;C:\Program Files\dotnet\;C:\Program Files\Git\cmd;C:\Program Files\Docker\Docker\resources\bin;C:\Users\Maxim\AppData\Local\Programs\Python\Python36-32\Scripts\;C:\Users\Maxim\AppData\Local\Programs\Python\Python36-32\;C:\Users\Maxim\AppData\Local\Microsoft\WindowsApps;C:\Users\Maxim\.dotnet\tools;D:\Program Files\IntelliJ IDEA Community Edition 2023.2.1\bin;;C:\ProgramFiles\Java\jdk-20\bin;;D:\Program Files\IntelliJ IDEA 2023.3.2\bin;;D:\Program Files\JetBrains Rider 2023.3.3\bin;;D:\Program Files\Microsoft VS Code\bin;D:\Program Files\CLion 2023.3.4\bin;;C:\Users\Maxim\DataGrip 2023.3.4\bin;;D:\Program Files\WebStorm 2023.3.4\bin;
USERNAME=Maxim
OS=Windows_NT
PROCESSOR_IDENTIFIER=AMD64 Family 25 Model 80 Stepping 0, AuthenticAMD
TMP=C:\Users\Maxim\AppData\Local\Temp
TEMP=C:\Users\Maxim\AppData\Local\Temp




---------------  S Y S T E M  ---------------

OS:
 Windows 10 , 64 bit Build 19041 (10.0.19041.3636)
OS uptime: 19 days 0:27 hours
Hyper-V role detected

CPU: total 16 (initial active 16) (16 cores per cpu, 2 threads per core) family 25 model 80 stepping 0 microcode 0x0, cx8, cmov, fxsr, ht, mmx, 3dnowpref, sse, sse2, sse3, ssse3, sse4a, sse4.1, sse4.2, popcnt, lzcnt, tsc, tscinvbit, avx, avx2, aes, erms, clmul, bmi1, bmi2, adx, sha, fma, vzeroupper, clflush, clflushopt, hv, rdtscp, rdpid, fsrm, f16c, cet_ss

Memory: 4k page, system-wide physical 5996M (92M free)
TotalPageFile size 24428M (AvailPageFile size 3M)
current process WorkingSet (physical memory assigned to process): 217M, peak: 289M
current process commit charge ("private bytes"): 341M, peak: 350M

vm_info: Java HotSpot(TM) 64-Bit Server VM (20.0.1+9-29) for windows-amd64 JRE (20.0.1+9-29), built on 2023-03-07T13:56:11Z by "mach5one" with MS VC++ 17.1 (VS2022)

END.
